#
# There is insufficient memory for the Java Runtime Environment to continue.
# Native memory allocation (malloc) failed to allocate 1569808 bytes for Chunk::new
# Possible reasons:
#   The system is out of physical RAM or swap space
#   The process is running with CompressedOops enabled, and the Java Heap may be blocking the growth of the native heap
# Possible solutions:
#   Reduce memory load on the system
#   Increase physical memory or swap space
#   Check if swap backing store is full
#   Decrease Java heap size (-Xmx/-Xms)
#   Decrease number of Java threads
#   Decrease Java thread stack sizes (-Xss)
#   Set larger code cache with -XX:ReservedCodeCacheSize=
#   JVM is running with Unscaled Compressed Oops mode in which the Java heap is
#     placed in the first 4GB address space. The Java Heap base address is the
#     maximum limit for the native heap growth. Please use -XX:HeapBaseMinAddress
#     to set the Java Heap base and to place the Java Heap above 4GB virtual address.
# This output file may be truncated or incomplete.
#
#  Out of Memory Error (allocation.cpp:389), pid=8820, tid=0x0000000000004e34
#
# JRE version: OpenJDK Runtime Environment (8.0_242-b01) (build 1.8.0_242-release-1644-b01)
# Java VM: OpenJDK 64-Bit Server VM (25.242-b01 mixed mode windows-amd64 compressed oops)
# Failed to write core dump. Minidumps are not enabled by default on client versions of Windows
#

---------------  T H R E A D  ---------------

Current thread (0x00000000178e7000):  JavaThread "C2 CompilerThread0" daemon [_thread_in_native, id=20020, stack(0x0000000018f70000,0x0000000019070000)]

Stack: [0x0000000018f70000,0x0000000019070000]
[error occurred during error reporting (printing stack bounds), id 0xc0000005]

Native frames: (J=compiled Java code, j=interpreted, Vv=VM code, C=native code)


Current CompileTask:
C2:  14076 4672   !   4       com.sun.beans.TypeResolver::resolve (274 bytes)


---------------  P R O C E S S  ---------------

Java Threads: ( => current thread )
  0x000000001e828000 JavaThread "Cache worker for Build Output Cleanup Cache (C:\Users\ACER\AndroidStudioProjects\ASM_ANDROID_NETWORK\.gradle\buildOutputCleanup)" [_thread_blocked, id=11636, stack(0x0000000028500000,0x0000000028600000)]
  0x000000001e828800 JavaThread "jar transforms Thread 92" [_thread_blocked, id=17964, stack(0x0000000028200000,0x0000000028300000)]
  0x000000001e826800 JavaThread "jar transforms Thread 91" [_thread_blocked, id=4996, stack(0x0000000028100000,0x0000000028200000)]
  0x000000001e827000 JavaThread "jar transforms Thread 90" [_thread_blocked, id=22452, stack(0x0000000028000000,0x0000000028100000)]
  0x000000001e81f000 JavaThread "jar transforms Thread 89" [_thread_blocked, id=21988, stack(0x0000000027f00000,0x0000000028000000)]
  0x000000001e825800 JavaThread "jar transforms Thread 88" [_thread_blocked, id=12132, stack(0x0000000027e00000,0x0000000027f00000)]
  0x000000001e81e000 JavaThread "jar transforms Thread 87" [_thread_blocked, id=2720, stack(0x0000000027d00000,0x0000000027e00000)]
  0x000000001e824000 JavaThread "jar transforms Thread 86" [_thread_blocked, id=13152, stack(0x0000000027c00000,0x0000000027d00000)]
  0x000000001e825000 JavaThread "jar transforms Thread 85" [_thread_blocked, id=9912, stack(0x0000000027b00000,0x0000000027c00000)]
  0x000000001e823800 JavaThread "jar transforms Thread 84" [_thread_blocked, id=6952, stack(0x0000000027a00000,0x0000000027b00000)]
  0x000000001e81f800 JavaThread "jar transforms Thread 83" [_thread_blocked, id=6756, stack(0x0000000027900000,0x0000000027a00000)]
  0x000000001e81c800 JavaThread "jar transforms Thread 82" [_thread_blocked, id=15480, stack(0x0000000027800000,0x0000000027900000)]
  0x000000001e81c000 JavaThread "jar transforms Thread 81" [_thread_blocked, id=5328, stack(0x0000000027700000,0x0000000027800000)]
  0x000000001e822800 JavaThread "jar transforms Thread 80" [_thread_blocked, id=12788, stack(0x0000000027600000,0x0000000027700000)]
  0x000000001e822000 JavaThread "jar transforms Thread 79" [_thread_blocked, id=17492, stack(0x0000000027500000,0x0000000027600000)]
  0x000000001e820800 JavaThread "jar transforms Thread 78" [_thread_blocked, id=11008, stack(0x0000000027400000,0x0000000027500000)]
  0x000000001e81d800 JavaThread "jar transforms Thread 77" [_thread_blocked, id=18896, stack(0x0000000027300000,0x0000000027400000)]
  0x000000001e821000 JavaThread "jar transforms Thread 76" [_thread_blocked, id=17228, stack(0x0000000027200000,0x0000000027300000)]
  0x000000001dbeb800 JavaThread "jar transforms Thread 75" [_thread_blocked, id=15520, stack(0x0000000027100000,0x0000000027200000)]
  0x000000001dbea000 JavaThread "jar transforms Thread 74" [_thread_blocked, id=8092, stack(0x0000000027000000,0x0000000027100000)]
  0x000000001dbe8800 JavaThread "jar transforms Thread 73" [_thread_blocked, id=22012, stack(0x0000000026f00000,0x0000000027000000)]
  0x000000001dbec000 JavaThread "jar transforms Thread 72" [_thread_blocked, id=13952, stack(0x0000000026e00000,0x0000000026f00000)]
  0x000000001dbe9000 JavaThread "jar transforms Thread 71" [_thread_blocked, id=11756, stack(0x0000000026d00000,0x0000000026e00000)]
  0x000000001dbed000 JavaThread "jar transforms Thread 70" [_thread_blocked, id=17976, stack(0x0000000026c00000,0x0000000026d00000)]
  0x000000001dbea800 JavaThread "jar transforms Thread 69" [_thread_blocked, id=20804, stack(0x0000000026b00000,0x0000000026c00000)]
  0x000000001dbe6000 JavaThread "jar transforms Thread 68" [_thread_blocked, id=21772, stack(0x0000000026a00000,0x0000000026b00000)]
  0x000000001dbe7000 JavaThread "jar transforms Thread 67" [_thread_blocked, id=7912, stack(0x0000000026900000,0x0000000026a00000)]
  0x000000001dbe7800 JavaThread "jar transforms Thread 66" [_thread_blocked, id=22076, stack(0x0000000026800000,0x0000000026900000)]
  0x000000001dbde800 JavaThread "jar transforms Thread 65" [_thread_blocked, id=14084, stack(0x0000000026700000,0x0000000026800000)]
  0x000000001dbe1000 JavaThread "jar transforms Thread 64" [_thread_blocked, id=18300, stack(0x0000000026600000,0x0000000026700000)]
  0x000000001dbe5800 JavaThread "jar transforms Thread 63" [_thread_blocked, id=7240, stack(0x0000000026500000,0x0000000026600000)]
  0x000000001dbe4000 JavaThread "jar transforms Thread 62" [_thread_blocked, id=4988, stack(0x0000000026400000,0x0000000026500000)]
  0x000000001dbde000 JavaThread "jar transforms Thread 61" [_thread_blocked, id=5096, stack(0x0000000026300000,0x0000000026400000)]
  0x000000001dbe0000 JavaThread "jar transforms Thread 60" [_thread_blocked, id=17336, stack(0x0000000026200000,0x0000000026300000)]
  0x000000001dbe4800 JavaThread "jar transforms Thread 59" [_thread_blocked, id=19268, stack(0x0000000026100000,0x0000000026200000)]
  0x000000001dbe1800 JavaThread "jar transforms Thread 58" [_thread_blocked, id=10604, stack(0x0000000026000000,0x0000000026100000)]
  0x000000001dbdf800 JavaThread "jar transforms Thread 57" [_thread_blocked, id=18652, stack(0x0000000025f00000,0x0000000026000000)]
  0x000000001dbe3000 JavaThread "jar transforms Thread 56" [_thread_blocked, id=18420, stack(0x0000000025e00000,0x0000000025f00000)]
  0x000000001dbe2800 JavaThread "jar transforms Thread 55" [_thread_blocked, id=15792, stack(0x0000000025d00000,0x0000000025e00000)]
  0x000000001ab99000 JavaThread "jar transforms Thread 54" [_thread_blocked, id=14568, stack(0x0000000025c00000,0x0000000025d00000)]
  0x000000001ab94800 JavaThread "jar transforms Thread 53" [_thread_blocked, id=20268, stack(0x0000000025b00000,0x0000000025c00000)]
  0x000000001ab97800 JavaThread "jar transforms Thread 52" [_thread_blocked, id=7192, stack(0x0000000025a00000,0x0000000025b00000)]
  0x000000001ab97000 JavaThread "jar transforms Thread 51" [_thread_blocked, id=20572, stack(0x0000000025900000,0x0000000025a00000)]
  0x000000001ab96000 JavaThread "jar transforms Thread 50" [_thread_blocked, id=12400, stack(0x0000000025800000,0x0000000025900000)]
  0x000000001ab94000 JavaThread "jar transforms Thread 49" [_thread_blocked, id=9388, stack(0x0000000025700000,0x0000000025800000)]
  0x000000001ab98800 JavaThread "jar transforms Thread 48" [_thread_blocked, id=22372, stack(0x0000000025600000,0x0000000025700000)]
  0x000000001ab95800 JavaThread "jar transforms Thread 47" [_thread_blocked, id=11132, stack(0x0000000025500000,0x0000000025600000)]
  0x000000001ab9a000 JavaThread "jar transforms Thread 46" [_thread_blocked, id=17576, stack(0x0000000025400000,0x0000000025500000)]
  0x000000001ab93000 JavaThread "jar transforms Thread 45" [_thread_blocked, id=16716, stack(0x0000000025300000,0x0000000025400000)]
  0x000000001ab8b800 JavaThread "jar transforms Thread 44" [_thread_blocked, id=15200, stack(0x0000000025200000,0x0000000025300000)]
  0x000000001ab92800 JavaThread "jar transforms Thread 43" [_thread_blocked, id=13572, stack(0x0000000025100000,0x0000000025200000)]
  0x000000001ab8d000 JavaThread "jar transforms Thread 42" [_thread_blocked, id=1776, stack(0x0000000025000000,0x0000000025100000)]
  0x000000001ab8b000 JavaThread "jar transforms Thread 41" [_thread_blocked, id=17160, stack(0x0000000024f00000,0x0000000025000000)]
  0x000000001ab8c800 JavaThread "jar transforms Thread 40" [_thread_blocked, id=1508, stack(0x0000000024e00000,0x0000000024f00000)]
  0x000000001ab91000 JavaThread "jar transforms Thread 39" [_thread_blocked, id=16736, stack(0x0000000024d00000,0x0000000024e00000)]
  0x000000001ab90000 JavaThread "jar transforms Thread 38" [_thread_blocked, id=20400, stack(0x0000000024c00000,0x0000000024d00000)]
  0x000000001ab8e800 JavaThread "jar transforms Thread 37" [_thread_blocked, id=8132, stack(0x0000000024b00000,0x0000000024c00000)]
  0x000000001ab8e000 JavaThread "jar transforms Thread 36" [_thread_blocked, id=12772, stack(0x0000000024a00000,0x0000000024b00000)]
  0x000000001ab8f800 JavaThread "jar transforms Thread 35" [_thread_blocked, id=8696, stack(0x0000000024900000,0x0000000024a00000)]
  0x000000001ab91800 JavaThread "jar transforms Thread 34" [_thread_blocked, id=15156, stack(0x0000000024800000,0x0000000024900000)]
  0x0000000019911000 JavaThread "jar transforms Thread 33" [_thread_blocked, id=19444, stack(0x0000000024700000,0x0000000024800000)]
  0x0000000019910000 JavaThread "jar transforms Thread 32" [_thread_blocked, id=22396, stack(0x0000000024600000,0x0000000024700000)]
  0x0000000019911800 JavaThread "jar transforms Thread 31" [_thread_blocked, id=7944, stack(0x0000000024500000,0x0000000024600000)]
  0x000000001990f800 JavaThread "jar transforms Thread 30" [_thread_blocked, id=1556, stack(0x0000000024400000,0x0000000024500000)]
  0x000000001990e800 JavaThread "jar transforms Thread 29" [_thread_blocked, id=508, stack(0x0000000024300000,0x0000000024400000)]
  0x0000000019913000 JavaThread "jar transforms Thread 28" [_thread_blocked, id=11752, stack(0x0000000024200000,0x0000000024300000)]
  0x0000000019912800 JavaThread "jar transforms Thread 27" [_thread_blocked, id=21712, stack(0x0000000024100000,0x0000000024200000)]
  0x0000000019907000 JavaThread "jar transforms Thread 26" [_thread_blocked, id=9496, stack(0x0000000024000000,0x0000000024100000)]
  0x000000001990e000 JavaThread "jar transforms Thread 25" [_thread_blocked, id=2232, stack(0x0000000023f00000,0x0000000024000000)]
  0x000000001990d000 JavaThread "jar transforms Thread 24" [_thread_blocked, id=14432, stack(0x0000000023e00000,0x0000000023f00000)]
  0x0000000019905800 JavaThread "jar transforms Thread 23" [_thread_blocked, id=14888, stack(0x0000000023d00000,0x0000000023e00000)]
  0x000000001990c800 JavaThread "jar transforms Thread 22" [_thread_blocked, id=17756, stack(0x0000000023c00000,0x0000000023d00000)]
  0x0000000019904800 JavaThread "jar transforms Thread 21" [_thread_blocked, id=1372, stack(0x0000000023b00000,0x0000000023c00000)]
  0x000000001990b800 JavaThread "jar transforms Thread 20" [_thread_blocked, id=20584, stack(0x0000000023a00000,0x0000000023b00000)]
  0x0000000019904000 JavaThread "jar transforms Thread 19" [_thread_blocked, id=12600, stack(0x0000000023900000,0x0000000023a00000)]
  0x0000000019908800 JavaThread "jar transforms Thread 18" [_thread_blocked, id=13080, stack(0x0000000023800000,0x0000000023900000)]
  0x000000001990b000 JavaThread "jar transforms Thread 17" [_thread_blocked, id=20876, stack(0x0000000023700000,0x0000000023800000)]
  0x0000000019909000 JavaThread "jar transforms Thread 16" [_thread_blocked, id=240, stack(0x0000000023600000,0x0000000023700000)]
  0x000000001990a000 JavaThread "jar transforms Thread 15" [_thread_blocked, id=5780, stack(0x0000000023500000,0x0000000023600000)]
  0x0000000019907800 JavaThread "jar transforms Thread 14" [_thread_blocked, id=14632, stack(0x0000000023400000,0x0000000023500000)]
  0x0000000019906000 JavaThread "jar transforms Thread 13" [_thread_blocked, id=20924, stack(0x0000000023300000,0x0000000023400000)]
  0x000000001dc9d000 JavaThread "jar transforms Thread 12" [_thread_blocked, id=16280, stack(0x0000000023200000,0x0000000023300000)]
  0x000000001dca0000 JavaThread "jar transforms Thread 11" [_thread_blocked, id=5132, stack(0x0000000023100000,0x0000000023200000)]
  0x000000001dc9c000 JavaThread "jar transforms Thread 10" [_thread_blocked, id=17972, stack(0x0000000023000000,0x0000000023100000)]
  0x000000001dc9f000 JavaThread "jar transforms Thread 9" [_thread_blocked, id=16964, stack(0x0000000022f00000,0x0000000023000000)]
  0x000000001dc9e800 JavaThread "jar transforms Thread 8" [_thread_blocked, id=5092, stack(0x0000000022e00000,0x0000000022f00000)]
  0x000000001dc9d800 JavaThread "jar transforms Thread 7" [_thread_blocked, id=22484, stack(0x0000000022d00000,0x0000000022e00000)]
  0x000000001dca3000 JavaThread "jar transforms Thread 6" [_thread_blocked, id=1136, stack(0x0000000022c00000,0x0000000022d00000)]
  0x000000001dca0800 JavaThread "jar transforms Thread 5" [_thread_blocked, id=6124, stack(0x0000000022b00000,0x0000000022c00000)]
  0x000000001dca2000 JavaThread "jar transforms Thread 4" [_thread_blocked, id=2064, stack(0x0000000022a00000,0x0000000022b00000)]
  0x000000001dca1800 JavaThread "jar transforms Thread 3" [_thread_blocked, id=9000, stack(0x0000000022900000,0x0000000022a00000)]
  0x00000000199f7800 JavaThread "jar transforms Thread 2" [_thread_blocked, id=11588, stack(0x0000000022800000,0x0000000022900000)]
  0x00000000199f7000 JavaThread "Build operations Thread 4" [_thread_blocked, id=19740, stack(0x0000000022700000,0x0000000022800000)]
  0x00000000199f8800 JavaThread "Build operations Thread 3" [_thread_blocked, id=3000, stack(0x0000000022600000,0x0000000022700000)]
  0x00000000199fd800 JavaThread "Build operations Thread 2" [_thread_blocked, id=22408, stack(0x0000000022220000,0x0000000022320000)]
  0x00000000199fa800 JavaThread "Build operations" [_thread_blocked, id=16076, stack(0x0000000022120000,0x0000000022220000)]
  0x000000001b43f800 JavaThread "Cache worker for file content cache (C:\Users\ACER\.gradle\caches\6.5\fileContent)" [_thread_blocked, id=11200, stack(0x0000000021c20000,0x0000000021d20000)]
  0x000000001b43f000 JavaThread "jar transforms" [_thread_blocked, id=21912, stack(0x0000000021b20000,0x0000000021c20000)]
  0x000000001b43e000 JavaThread "Cache worker for execution history cache (C:\Users\ACER\.gradle\caches\6.5\executionHistory)" [_thread_blocked, id=17724, stack(0x0000000021420000,0x0000000021520000)]
  0x000000001b442000 JavaThread "Cache worker for cache directory md-rule (C:\Users\ACER\.gradle\caches\6.5\md-rule)" [_thread_blocked, id=17264, stack(0x0000000020330000,0x0000000020430000)]
  0x000000001b43d800 JavaThread "Cache worker for cache directory md-supplier (C:\Users\ACER\.gradle\caches\6.5\md-supplier)" [_thread_blocked, id=7044, stack(0x0000000020230000,0x0000000020330000)]
  0x000000001b43c800 JavaThread "Cache worker for checksums cache (C:\Users\ACER\AndroidStudioProjects\ASM_ANDROID_NETWORK\.gradle\checksums)" [_thread_blocked, id=2796, stack(0x0000000020130000,0x0000000020230000)]
  0x000000001b43c000 JavaThread "Cache worker for file hash cache (C:\Users\ACER\AndroidStudioProjects\ASM_ANDROID_NETWORK\.gradle\6.5\fileHashes)" [_thread_blocked, id=6444, stack(0x000000001fe30000,0x000000001ff30000)]
  0x000000001b440800 JavaThread "Cache worker for file hash cache (C:\Users\ACER\.gradle\caches\6.5\fileHashes)" [_thread_blocked, id=7684, stack(0x000000001e960000,0x000000001ea60000)]
  0x000000001b443000 JavaThread "File lock request listener" [_thread_in_native, id=2096, stack(0x000000001d790000,0x000000001d890000)]
  0x000000001b441800 JavaThread "Cache worker for journal cache (C:\Users\ACER\.gradle\caches\journal-1)" [_thread_blocked, id=11420, stack(0x000000001d690000,0x000000001d790000)]
  0x0000000019ab1000 JavaThread "Thread-9" [_thread_blocked, id=4868, stack(0x000000001d390000,0x000000001d490000)]
  0x0000000019ab0000 JavaThread "Stdin handler" [_thread_blocked, id=2808, stack(0x000000001d290000,0x000000001d390000)]
  0x0000000019aad800 JavaThread "Asynchronous log dispatcher for DefaultDaemonConnection: socket connection from /127.0.0.1:55908 to /127.0.0.1:55909" [_thread_blocked, id=19276, stack(0x000000001d190000,0x000000001d290000)]
  0x000000001b375800 JavaThread "Daemon worker" [_thread_in_native, id=21224, stack(0x000000001d090000,0x000000001d190000)]
  0x000000001b374800 JavaThread "Cancel handler" [_thread_blocked, id=4720, stack(0x000000001cf90000,0x000000001d090000)]
  0x000000001b37c800 JavaThread "Handler for socket connection from /127.0.0.1:55908 to /127.0.0.1:55909" [_thread_in_native, id=10124, stack(0x000000001ce90000,0x000000001cf90000)]
  0x000000001b379000 JavaThread "Daemon" [_thread_blocked, id=21200, stack(0x000000001cd90000,0x000000001ce90000)]
  0x000000001b252800 JavaThread "Daemon periodic checks" [_thread_blocked, id=18936, stack(0x000000001ca90000,0x000000001cb90000)]
  0x000000001b24c000 JavaThread "Incoming local TCP Connector on port 55908" [_thread_in_native, id=20272, stack(0x000000001c850000,0x000000001c950000)]
  0x000000001b068800 JavaThread "Daemon health stats" [_thread_blocked, id=12464, stack(0x000000001c210000,0x000000001c310000)]
  0x000000001793e800 JavaThread "Service Thread" daemon [_thread_blocked, id=16568, stack(0x0000000019670000,0x0000000019770000)]
  0x0000000017937000 JavaThread "C1 CompilerThread2" daemon [_thread_blocked, id=8548, stack(0x0000000019170000,0x0000000019270000)]
  0x00000000178ec800 JavaThread "C2 CompilerThread1" daemon [_thread_blocked, id=21680, stack(0x0000000019070000,0x0000000019170000)]
=>0x00000000178e7000 JavaThread "C2 CompilerThread0" daemon [_thread_in_native, id=20020, stack(0x0000000018f70000,0x0000000019070000)]
  0x0000000017933000 JavaThread "Attach Listener" daemon [_thread_blocked, id=5584, stack(0x0000000018e70000,0x0000000018f70000)]
  0x0000000017932800 JavaThread "Signal Dispatcher" daemon [_thread_blocked, id=928, stack(0x0000000018d70000,0x0000000018e70000)]
  0x0000000002c7d000 JavaThread "Finalizer" daemon [_thread_blocked, id=6472, stack(0x0000000018b40000,0x0000000018c40000)]
  0x0000000002c74800 JavaThread "Reference Handler" daemon [_thread_blocked, id=22156, stack(0x0000000018a40000,0x0000000018b40000)]
  0x0000000002a4e800 JavaThread "main" [_thread_blocked, id=10132, stack(0x0000000002a50000,0x0000000002b50000)]

Other Threads:
  0x00000000178a6000 VMThread [stack: 0x0000000018940000,0x0000000018a40000] [id=12936]
  0x00000000192e3000 WatcherThread [stack: 0x0000000019770000,0x0000000019870000] [id=8016]

VM state:not at safepoint (normal execution)

VM Mutex/Monitor currently owned by a thread: None

heap address: 0x0000000080000000, size: 2048 MB, Compressed Oops mode: 32-bit
Narrow klass base: 0x0000000000000000, Narrow klass shift: 3
Compressed class space size: 1073741824 Address: 0x0000000100000000

Heap:
 PSYoungGen      total 252416K, used 78880K [0x00000000d5580000, 0x00000000e5a00000, 0x0000000100000000)
  eden space 238080K, 27% used [0x00000000d5580000,0x00000000d948c0c8,0x00000000e3e00000)
  from space 14336K, 99% used [0x00000000e3e00000,0x00000000e4bfc200,0x00000000e4c00000)
  to   space 12800K, 0% used [0x00000000e4d80000,0x00000000e4d80000,0x00000000e5a00000)
 ParOldGen       total 70144K, used 20687K [0x0000000080000000, 0x0000000084480000, 0x00000000d5580000)
  object space 70144K, 29% used [0x0000000080000000,0x0000000081433ca8,0x0000000084480000)
 Metaspace       used 52952K, capacity 55018K, committed 55256K, reserved 1097728K
  class space    used 7115K, capacity 7571K, committed 7680K, reserved 1048576K

Card table byte_map: [0x0000000012050000,0x0000000012460000] byte_map_base: 0x0000000011c50000

Marking Bits: (ParMarkBitMap*) 0x000000005276f030
 Begin Bits: [0x0000000012b10000, 0x0000000014b10000)
 End Bits:   [0x0000000014b10000, 0x0000000016b10000)

Polling page: 0x0000000002b50000

CodeCache: size=245760Kb used=15423Kb max_used=15427Kb free=230336Kb
 bounds [0x0000000002c90000, 0x0000000003bb0000, 0x0000000011c90000]
 total_blobs=5224 nmethods=4461 adapters=675
 compilation: enabled

Compilation events (10 events):
Event: 14.029 Thread 0x0000000017937000 nmethod 4822 0x0000000003b8a4d0 code [0x0000000003b8a620, 0x0000000003b8a730]
Event: 14.031 Thread 0x00000000178ec800 nmethod 4824 0x0000000003b88690 code [0x0000000003b88800, 0x0000000003b88bf8]
Event: 14.038 Thread 0x0000000017937000 4825       3       org.gradle.api.internal.provider.Providers::internal (8 bytes)
Event: 14.038 Thread 0x0000000017937000 nmethod 4825 0x0000000003b88190 code [0x0000000003b88300, 0x0000000003b88590]
Event: 14.041 Thread 0x0000000017937000 4826       1       org.gradle.api.internal.DefaultNamedDomainObjectCollection$AbstractNamedDomainObjectProvider::getType (5 bytes)
Event: 14.042 Thread 0x0000000017937000 nmethod 4826 0x0000000003b8a210 code [0x0000000003b8a360, 0x0000000003b8a470]
Event: 14.058 Thread 0x0000000017937000 4827       3       org.gradle.api.internal.DefaultCollectionCallbackActionDecorator::decorate (40 bytes)
Event: 14.058 Thread 0x0000000017937000 nmethod 4827 0x0000000003b894d0 code [0x0000000003b896a0, 0x0000000003b89f38]
Event: 14.065 Thread 0x0000000017937000 4828       3       org.gradle.api.internal.tasks.DefaultTaskContainer_Decorated::getEventRegister (39 bytes)
Event: 14.065 Thread 0x0000000017937000 nmethod 4828 0x0000000003babed0 code [0x0000000003bac0a0, 0x0000000003bac848]

GC Heap History (10 events):
Event: 5.585 GC heap before
{Heap before GC invocations=7 (full 1):
 PSYoungGen      total 142336K, used 5280K [0x00000000d5580000, 0x00000000dec80000, 0x0000000100000000)
  eden space 131072K, 0% used [0x00000000d5580000,0x00000000d5580000,0x00000000dd580000)
  from space 11264K, 46% used [0x00000000de180000,0x00000000de6a8030,0x00000000dec80000)
  to   space 11776K, 0% used [0x00000000dd580000,0x00000000dd580000,0x00000000de100000)
 ParOldGen       total 86016K, used 9788K [0x0000000080000000, 0x0000000085400000, 0x00000000d5580000)
  object space 86016K, 11% used [0x0000000080000000,0x000000008098f368,0x0000000085400000)
 Metaspace       used 20520K, capacity 21192K, committed 21248K, reserved 1067008K
  class space    used 2860K, capacity 3044K, committed 3072K, reserved 1048576K
Event: 5.634 GC heap after
Heap after GC invocations=7 (full 1):
 PSYoungGen      total 142336K, used 0K [0x00000000d5580000, 0x00000000dec80000, 0x0000000100000000)
  eden space 131072K, 0% used [0x00000000d5580000,0x00000000d5580000,0x00000000dd580000)
  from space 11264K, 0% used [0x00000000de180000,0x00000000de180000,0x00000000dec80000)
  to   space 11776K, 0% used [0x00000000dd580000,0x00000000dd580000,0x00000000de100000)
 ParOldGen       total 50688K, used 6787K [0x0000000080000000, 0x0000000083180000, 0x00000000d5580000)
  object space 50688K, 13% used [0x0000000080000000,0x00000000806a0ea8,0x0000000083180000)
 Metaspace       used 20520K, capacity 21192K, committed 21248K, reserved 1067008K
  class space    used 2860K, capacity 3044K, committed 3072K, reserved 1048576K
}
Event: 7.741 GC heap before
{Heap before GC invocations=8 (full 1):
 PSYoungGen      total 142336K, used 131072K [0x00000000d5580000, 0x00000000dec80000, 0x0000000100000000)
  eden space 131072K, 100% used [0x00000000d5580000,0x00000000dd580000,0x00000000dd580000)
  from space 11264K, 0% used [0x00000000de180000,0x00000000de180000,0x00000000dec80000)
  to   space 11776K, 0% used [0x00000000dd580000,0x00000000dd580000,0x00000000de100000)
 ParOldGen       total 50688K, used 6787K [0x0000000080000000, 0x0000000083180000, 0x00000000d5580000)
  object space 50688K, 13% used [0x0000000080000000,0x00000000806a0ea8,0x0000000083180000)
 Metaspace       used 32653K, capacity 33700K, committed 33920K, reserved 1079296K
  class space    used 4444K, capacity 4718K, committed 4736K, reserved 1048576K
Event: 7.758 GC heap after
Heap after GC invocations=8 (full 1):
 PSYoungGen      total 142848K, used 11761K [0x00000000d5580000, 0x00000000e5c00000, 0x0000000100000000)
  eden space 131072K, 0% used [0x00000000d5580000,0x00000000d5580000,0x00000000dd580000)
  from space 11776K, 99% used [0x00000000dd580000,0x00000000de0fc508,0x00000000de100000)
  to   space 14848K, 0% used [0x00000000e4d80000,0x00000000e4d80000,0x00000000e5c00000)
 ParOldGen       total 50688K, used 8938K [0x0000000080000000, 0x0000000083180000, 0x00000000d5580000)
  object space 50688K, 17% used [0x0000000080000000,0x00000000808bab40,0x0000000083180000)
 Metaspace       used 32653K, capacity 33700K, committed 33920K, reserved 1079296K
  class space    used 4444K, capacity 4718K, committed 4736K, reserved 1048576K
}
Event: 8.444 GC heap before
{Heap before GC invocations=9 (full 1):
 PSYoungGen      total 142848K, used 44218K [0x00000000d5580000, 0x00000000e5c00000, 0x0000000100000000)
  eden space 131072K, 24% used [0x00000000d5580000,0x00000000d75326a0,0x00000000dd580000)
  from space 11776K, 99% used [0x00000000dd580000,0x00000000de0fc508,0x00000000de100000)
  to   space 14848K, 0% used [0x00000000e4d80000,0x00000000e4d80000,0x00000000e5c00000)
 ParOldGen       total 50688K, used 8938K [0x0000000080000000, 0x0000000083180000, 0x00000000d5580000)
  object space 50688K, 17% used [0x0000000080000000,0x00000000808bab40,0x0000000083180000)
 Metaspace       used 34205K, capacity 35316K, committed 35416K, reserved 1079296K
  class space    used 4701K, capacity 4969K, committed 4992K, reserved 1048576K
Event: 8.468 GC heap after
Heap after GC invocations=9 (full 1):
 PSYoungGen      total 250880K, used 8148K [0x00000000d5580000, 0x00000000e5a00000, 0x0000000100000000)
  eden space 238080K, 0% used [0x00000000d5580000,0x00000000d5580000,0x00000000e3e00000)
  from space 12800K, 63% used [0x00000000e4d80000,0x00000000e5575020,0x00000000e5a00000)
  to   space 14336K, 0% used [0x00000000e3e00000,0x00000000e3e00000,0x00000000e4c00000)
 ParOldGen       total 50688K, used 8946K [0x0000000080000000, 0x0000000083180000, 0x00000000d5580000)
  object space 50688K, 17% used [0x0000000080000000,0x00000000808bcb40,0x0000000083180000)
 Metaspace       used 34205K, capacity 35316K, committed 35416K, reserved 1079296K
  class space    used 4701K, capacity 4969K, committed 4992K, reserved 1048576K
}
Event: 8.468 GC heap before
{Heap before GC invocations=10 (full 2):
 PSYoungGen      total 250880K, used 8148K [0x00000000d5580000, 0x00000000e5a00000, 0x0000000100000000)
  eden space 238080K, 0% used [0x00000000d5580000,0x00000000d5580000,0x00000000e3e00000)
  from space 12800K, 63% used [0x00000000e4d80000,0x00000000e5575020,0x00000000e5a00000)
  to   space 14336K, 0% used [0x00000000e3e00000,0x00000000e3e00000,0x00000000e4c00000)
 ParOldGen       total 50688K, used 8946K [0x0000000080000000, 0x0000000083180000, 0x00000000d5580000)
  object space 50688K, 17% used [0x0000000080000000,0x00000000808bcb40,0x0000000083180000)
 Metaspace       used 34205K, capacity 35316K, committed 35416K, reserved 1079296K
  class space    used 4701K, capacity 4969K, committed 4992K, reserved 1048576K
Event: 8.548 GC heap after
Heap after GC invocations=10 (full 2):
 PSYoungGen      total 250880K, used 0K [0x00000000d5580000, 0x00000000e5a00000, 0x0000000100000000)
  eden space 238080K, 0% used [0x00000000d5580000,0x00000000d5580000,0x00000000e3e00000)
  from space 12800K, 0% used [0x00000000e4d80000,0x00000000e4d80000,0x00000000e5a00000)
  to   space 14336K, 0% used [0x00000000e3e00000,0x00000000e3e00000,0x00000000e4c00000)
 ParOldGen       total 70144K, used 14619K [0x0000000080000000, 0x0000000084480000, 0x00000000d5580000)
  object space 70144K, 20% used [0x0000000080000000,0x0000000080e46c78,0x0000000084480000)
 Metaspace       used 34205K, capacity 35316K, committed 35416K, reserved 1079296K
  class space    used 4701K, capacity 4969K, committed 4992K, reserved 1048576K
}
Event: 12.392 GC heap before
{Heap before GC invocations=11 (full 2):
 PSYoungGen      total 250880K, used 238080K [0x00000000d5580000, 0x00000000e5a00000, 0x0000000100000000)
  eden space 238080K, 100% used [0x00000000d5580000,0x00000000e3e00000,0x00000000e3e00000)
  from space 12800K, 0% used [0x00000000e4d80000,0x00000000e4d80000,0x00000000e5a00000)
  to   space 14336K, 0% used [0x00000000e3e00000,0x00000000e3e00000,0x00000000e4c00000)
 ParOldGen       total 70144K, used 14619K [0x0000000080000000, 0x0000000084480000, 0x00000000d5580000)
  object space 70144K, 20% used [0x0000000080000000,0x0000000080e46c78,0x0000000084480000)
 Metaspace       used 47800K, capacity 49588K, committed 49880K, reserved 1091584K
  class space    used 6446K, capacity 6786K, committed 6912K, reserved 1048576K
Event: 12.433 GC heap after
Heap after GC invocations=11 (full 2):
 PSYoungGen      total 252416K, used 14320K [0x00000000d5580000, 0x00000000e5a00000, 0x0000000100000000)
  eden space 238080K, 0% used [0x00000000d5580000,0x00000000d5580000,0x00000000e3e00000)
  from space 14336K, 99% used [0x00000000e3e00000,0x00000000e4bfc200,0x00000000e4c00000)
  to   space 12800K, 0% used [0x00000000e4d80000,0x00000000e4d80000,0x00000000e5a00000)
 ParOldGen       total 70144K, used 20687K [0x0000000080000000, 0x0000000084480000, 0x00000000d5580000)
  object space 70144K, 29% used [0x0000000080000000,0x0000000081433ca8,0x0000000084480000)
 Metaspace       used 47800K, capacity 49588K, committed 49880K, reserved 1091584K
  class space    used 6446K, capacity 6786K, committed 6912K, reserved 1048576K
}

Deoptimization events (10 events):
Event: 11.907 Thread 0x000000001b375800 Uncommon trap: reason=bimorphic action=maybe_recompile pc=0x0000000003095028 method=java.util.regex.Pattern$CharProperty.match(Ljava/util/regex/Matcher;ILjava/lang/CharSequence;)Z @ 18
Event: 11.907 Thread 0x000000001b375800 Uncommon trap: reason=bimorphic action=maybe_recompile pc=0x0000000003095028 method=java.util.regex.Pattern$CharProperty.match(Ljava/util/regex/Matcher;ILjava/lang/CharSequence;)Z @ 18
Event: 11.975 Thread 0x000000001b375800 Uncommon trap: reason=bimorphic action=maybe_recompile pc=0x0000000003095028 method=java.util.regex.Pattern$CharProperty.match(Ljava/util/regex/Matcher;ILjava/lang/CharSequence;)Z @ 18
Event: 12.250 Thread 0x000000001b375800 Uncommon trap: reason=unstable_if action=reinterpret pc=0x00000000036d3870 method=org.gradle.internal.reflect.PropertyAccessorType.of(Ljava/lang/reflect/Method;)Lorg/gradle/internal/reflect/PropertyAccessorType; @ 56
Event: 12.524 Thread 0x000000001b375800 Uncommon trap: reason=unstable_if action=reinterpret pc=0x0000000003a77798 method=com.google.gson.stream.JsonReader.doPeek()I @ 315
Event: 12.760 Thread 0x000000001b375800 Uncommon trap: reason=unstable_if action=reinterpret pc=0x0000000003259c74 method=com.sun.org.apache.xerces.internal.impl.XMLEntityScanner.checkBeforeLoad(Lcom/sun/xml/internal/stream/Entity$ScannedEntity;II)I @ 18
Event: 12.861 Thread 0x000000001b375800 Uncommon trap: reason=unstable_if action=reinterpret pc=0x00000000039155b0 method=org.gradle.internal.instantiation.generator.AbstractClassGenerator$InjectionAnnotationValidator.validateMethod(Ljava/lang/reflect/Method;Lorg/gradle/internal/reflect/Propert
Event: 12.861 Thread 0x000000001b375800 Uncommon trap: reason=unstable_if action=reinterpret pc=0x000000000393a5c4 method=org.gradle.internal.instantiation.generator.AbstractClassGenerator$InjectionAnnotationValidator.validateMethod(Ljava/lang/reflect/Method;Lorg/gradle/internal/reflect/Propert
Event: 12.960 Thread 0x000000001b375800 Uncommon trap: reason=null_check action=make_not_entrant pc=0x0000000003480650 method=java.lang.Class.searchMethods([Ljava/lang/reflect/Method;Ljava/lang/String;[Ljava/lang/Class;)Ljava/lang/reflect/Method; @ 59
Event: 13.027 Thread 0x000000001b375800 Uncommon trap: reason=class_check action=maybe_recompile pc=0x000000000342bca8 method=java.util.WeakHashMap.eq(Ljava/lang/Object;Ljava/lang/Object;)Z @ 7

Classes redefined (0 events):
No events

Internal exceptions (10 events):
Event: 13.102 Thread 0x000000001b375800 Exception <a 'java/lang/ClassNotFoundException': build_63h5uobk8k3i2l08vu905v6ge$_run_closure1BeanInfo> (0x00000000d7dff828) thrown at [C:\src\AOSP-openjdk-git\hotspot\src\share\vm\classfile\systemDictionary.cpp, line 210]
Event: 13.103 Thread 0x000000001b375800 Exception <a 'java/lang/ClassNotFoundException': build_63h5uobk8k3i2l08vu905v6ge$_run_closure1Customizer> (0x00000000d7e10590) thrown at [C:\src\AOSP-openjdk-git\hotspot\src\share\vm\classfile\systemDictionary.cpp, line 210]
Event: 13.116 Thread 0x000000001b375800 Exception <a 'java/lang/ClassNotFoundException': org/gradle/api/JavaVersionBeanInfo> (0x00000000d7e7c0b8) thrown at [C:\src\AOSP-openjdk-git\hotspot\src\share\vm\classfile\systemDictionary.cpp, line 210]
Event: 13.116 Thread 0x000000001b375800 Exception <a 'java/lang/ClassNotFoundException': java/lang/EnumBeanInfo> (0x00000000d7e85f08) thrown at [C:\src\AOSP-openjdk-git\hotspot\src\share\vm\classfile\systemDictionary.cpp, line 210]
Event: 13.122 Thread 0x000000001b375800 Exception <a 'java/lang/ClassNotFoundException': java/lang/EnumCustomizer> (0x00000000d7e901b0) thrown at [C:\src\AOSP-openjdk-git\hotspot\src\share\vm\classfile\systemDictionary.cpp, line 210]
Event: 13.124 Thread 0x000000001b375800 Exception <a 'java/lang/ClassNotFoundException': org/gradle/api/JavaVersionCustomizer> (0x00000000d7ec5278) thrown at [C:\src\AOSP-openjdk-git\hotspot\src\share\vm\classfile\systemDictionary.cpp, line 210]
Event: 13.128 Thread 0x000000001b375800 Exception <a 'java/lang/ClassNotFoundException': com/android/build/gradle/internal/CompileOptions_DecoratedBeanInfo> (0x00000000d7f25438) thrown at [C:\src\AOSP-openjdk-git\hotspot\src\share\vm\classfile\systemDictionary.cpp, line 210]
Event: 13.128 Thread 0x000000001b375800 Exception <a 'java/lang/ClassNotFoundException': com/android/build/gradle/internal/CompileOptionsBeanInfo> (0x00000000d7f40678) thrown at [C:\src\AOSP-openjdk-git\hotspot\src\share\vm\classfile\systemDictionary.cpp, line 210]
Event: 13.128 Thread 0x000000001b375800 Exception <a 'java/lang/ClassNotFoundException': com/android/build/gradle/internal/CompileOptionsCustomizer> (0x00000000d7f5bab0) thrown at [C:\src\AOSP-openjdk-git\hotspot\src\share\vm\classfile\systemDictionary.cpp, line 210]
Event: 13.129 Thread 0x000000001b375800 Exception <a 'java/lang/ClassNotFoundException': com/android/build/gradle/internal/CompileOptions_DecoratedCustomizer> (0x00000000d7f8c760) thrown at [C:\src\AOSP-openjdk-git\hotspot\src\share\vm\classfile\systemDictionary.cpp, line 210]

Events (10 events):
Event: 14.068 loading class com/android/build/gradle/internal/TaskManager$MergeType$2
Event: 14.068 loading class com/android/build/gradle/internal/TaskManager$MergeType$2 done
Event: 14.069 loading class com/android/build/gradle/internal/scope/InternalArtifactType$MERGED_RES
Event: 14.069 loading class com/android/build/gradle/internal/scope/InternalArtifactType$MERGED_RES done
Event: 14.070 loading class com/android/build/gradle/internal/scope/InternalArtifactType$DATA_BINDING_LAYOUT_INFO_TYPE_MERGE
Event: 14.071 loading class com/android/build/gradle/internal/scope/InternalArtifactType$DATA_BINDING_LAYOUT_INFO_TYPE_MERGE done
Event: 14.072 loading class com/android/build/gradle/internal/scope/InternalArtifactType$DATA_BINDING_LAYOUT_INFO_TYPE_PACKAGE
Event: 14.072 loading class com/android/build/gradle/internal/scope/InternalArtifactType$DATA_BINDING_LAYOUT_INFO_TYPE_PACKAGE done
Event: 14.072 loading class com/android/build/gradle/internal/scope/InternalArtifactType$MERGED_RES_BLAME_FOLDER
Event: 14.072 loading class com/android/build/gradle/internal/scope/InternalArtifactType$MERGED_RES_BLAME_FOLDER done


Dynamic libraries:
0x00007ff6abd00000 - 0x00007ff6abd31000 	C:\Program Files\Android\Android Studio\jre\bin\java.exe
0x00007ffd4c190000 - 0x00007ffd4c385000 	C:\WINDOWS\SYSTEM32\ntdll.dll
0x00007ffd4b510000 - 0x00007ffd4b5cd000 	C:\WINDOWS\System32\KERNEL32.DLL
0x00007ffd49ea0000 - 0x00007ffd4a169000 	C:\WINDOWS\System32\KERNELBASE.dll
0x00007ffd4b730000 - 0x00007ffd4b7dc000 	C:\WINDOWS\System32\ADVAPI32.dll
0x00007ffd4a740000 - 0x00007ffd4a7de000 	C:\WINDOWS\System32\msvcrt.dll
0x00007ffd4b7e0000 - 0x00007ffd4b87b000 	C:\WINDOWS\System32\sechost.dll
0x00007ffd4b880000 - 0x00007ffd4b9aa000 	C:\WINDOWS\System32\RPCRT4.dll
0x00007ffd4a7f0000 - 0x00007ffd4a990000 	C:\WINDOWS\System32\USER32.dll
0x00007ffd49ab0000 - 0x00007ffd49ad2000 	C:\WINDOWS\System32\win32u.dll
0x00007ffd4b450000 - 0x00007ffd4b47a000 	C:\WINDOWS\System32\GDI32.dll
0x00007ffd49ae0000 - 0x00007ffd49beb000 	C:\WINDOWS\System32\gdi32full.dll
0x00007ffd49a10000 - 0x00007ffd49aad000 	C:\WINDOWS\System32\msvcp_win.dll
0x00007ffd49bf0000 - 0x00007ffd49cf0000 	C:\WINDOWS\System32\ucrtbase.dll
0x00007ffd39710000 - 0x00007ffd399aa000 	C:\WINDOWS\WinSxS\amd64_microsoft.windows.common-controls_6595b64144ccf1df_6.0.19041.1110_none_60b5254171f9507e\COMCTL32.dll
0x00007ffd4b480000 - 0x00007ffd4b4b0000 	C:\WINDOWS\System32\IMM32.DLL
0x0000000051530000 - 0x0000000051602000 	C:\Program Files\Android\Android Studio\jre\jre\bin\msvcr100.dll
0x0000000051fa0000 - 0x00000000527eb000 	C:\Program Files\Android\Android Studio\jre\jre\bin\server\jvm.dll
0x00007ffd4b6a0000 - 0x00007ffd4b6a8000 	C:\WINDOWS\System32\PSAPI.DLL
0x00007ffd3f870000 - 0x00007ffd3f87a000 	C:\WINDOWS\SYSTEM32\VERSION.dll
0x00007ffd36d10000 - 0x00007ffd36d37000 	C:\WINDOWS\SYSTEM32\WINMM.dll
0x00007ffd457b0000 - 0x00007ffd457b9000 	C:\WINDOWS\SYSTEM32\WSOCK32.dll
0x00007ffd4acb0000 - 0x00007ffd4ad1b000 	C:\WINDOWS\System32\WS2_32.dll
0x00007ffd44660000 - 0x00007ffd4466f000 	C:\Program Files\Android\Android Studio\jre\jre\bin\verify.dll
0x00007ffd44130000 - 0x00007ffd44159000 	C:\Program Files\Android\Android Studio\jre\jre\bin\java.dll
0x00007ffd44250000 - 0x00007ffd44266000 	C:\Program Files\Android\Android Studio\jre\jre\bin\zip.dll
0x00007ffd4ba10000 - 0x00007ffd4c14f000 	C:\WINDOWS\System32\SHELL32.dll
0x00007ffd47a00000 - 0x00007ffd48191000 	C:\WINDOWS\SYSTEM32\windows.storage.dll
0x00007ffd4a3e0000 - 0x00007ffd4a735000 	C:\WINDOWS\System32\combase.dll
0x00007ffd492d0000 - 0x00007ffd492fc000 	C:\WINDOWS\SYSTEM32\Wldp.dll
0x00007ffd4ac00000 - 0x00007ffd4acae000 	C:\WINDOWS\System32\SHCORE.dll
0x00007ffd4aba0000 - 0x00007ffd4abf5000 	C:\WINDOWS\System32\shlwapi.dll
0x00007ffd49810000 - 0x00007ffd4982f000 	C:\WINDOWS\SYSTEM32\profapi.dll
0x00007ffd44110000 - 0x00007ffd4412a000 	C:\Program Files\Android\Android Studio\jre\jre\bin\net.dll
0x00007ffd48fd0000 - 0x00007ffd4903a000 	C:\WINDOWS\system32\mswsock.dll
0x00007ffd440f0000 - 0x00007ffd44103000 	C:\Program Files\Android\Android Studio\jre\jre\bin\nio.dll
0x00007ffd3ac70000 - 0x00007ffd3ac97000 	C:\Users\ACER\.gradle\native\f6784746aeab05261644944871eae4fe03e0ef1612fff0a4a95f87b438bc6780\windows-amd64\native-platform.dll
0x00007ffd44650000 - 0x00007ffd4465d000 	C:\Program Files\Android\Android Studio\jre\jre\bin\management.dll
0x00007ffd49220000 - 0x00007ffd49238000 	C:\WINDOWS\SYSTEM32\CRYPTSP.dll
0x00007ffd48970000 - 0x00007ffd489a4000 	C:\WINDOWS\system32\rsaenh.dll
0x00007ffd499e0000 - 0x00007ffd49a07000 	C:\WINDOWS\System32\bcrypt.dll
0x00007ffd49790000 - 0x00007ffd497be000 	C:\WINDOWS\SYSTEM32\USERENV.dll
0x00007ffd4a170000 - 0x00007ffd4a1f3000 	C:\WINDOWS\System32\bcryptprimitives.dll
0x00007ffd49210000 - 0x00007ffd4921c000 	C:\WINDOWS\SYSTEM32\CRYPTBASE.dll
0x00007ffd48cc0000 - 0x00007ffd48cfb000 	C:\WINDOWS\SYSTEM32\IPHLPAPI.DLL
0x00007ffd4a7e0000 - 0x00007ffd4a7e8000 	C:\WINDOWS\System32\NSI.dll
0x00007ffd3fa10000 - 0x00007ffd3fa27000 	C:\WINDOWS\SYSTEM32\dhcpcsvc6.DLL
0x00007ffd3fa50000 - 0x00007ffd3fa6d000 	C:\WINDOWS\SYSTEM32\dhcpcsvc.DLL
0x00007ffd48d00000 - 0x00007ffd48dcc000 	C:\WINDOWS\SYSTEM32\DNSAPI.dll
0x00007ffd43840000 - 0x00007ffd4384b000 	C:\WINDOWS\SYSTEM32\WINNSI.DLL

VM Arguments:
jvm_args: -Xmx2048m -Dfile.encoding=UTF-8 -Duser.country=GB -Duser.language=en -Duser.variant 
java_command: org.gradle.launcher.daemon.bootstrap.GradleDaemon 6.5
java_class_path (initial): C:\Users\ACER\.gradle\wrapper\dists\gradle-6.5-bin\6nifqtx7604sqp1q6g8wikw7p\gradle-6.5\lib\gradle-launcher-6.5.jar
Launcher Type: SUN_STANDARD

Environment Variables:
JAVA_HOME=C:\Program Files\OpenJDK\openjdk-8u275-b01
PATH=C:\Program Files (x86)\Common Files\Oracle\Java\javapath;C:\WINDOWS\system32;C:\WINDOWS;C:\WINDOWS\System32\Wbem;C:\WINDOWS\System32\WindowsPowerShell\v1.0\;C:\WINDOWS\System32\OpenSSH\;C:\Program Files (x86)\Microsoft ASP.NET\ASP.NET Web Pages\v1.0\;C:\Program Files\Microsoft SQL Server\110\Tools\Binn\;C:\Program Files\Microsoft Service Fabric\bin\Fabric\Fabric.Code;C:\Program Files\Microsoft SDKs\Service Fabric\Tools\ServiceFabricLocalClusterManager;C:\ProgramData\chocolatey\bin;C:\Program Files\nodejs\;C:\Program Files\OpenJDK\openjdk-8u275-b01\bin;C:\Program Files\Git\cmd;C:\Users\ACER\AppData\Local\Android\Sdk\tools;C:\Program Files\MySQL\MySQL Shell 8.0\bin\;C:\Users\ACER\AppData\Local\Microsoft\WindowsApps;G:\Microsoft VS Code\bin;C:\Users\ACER\AppData\Local\GitHubDesktop\bin;C:\Users\ACER\AppData\Roaming\npm
USERNAME=ACER
OS=Windows_NT
PROCESSOR_IDENTIFIER=Intel64 Family 6 Model 142 Stepping 9, GenuineIntel



---------------  S Y S T E M  ---------------

OS: Windows 10.0 , 64 bit Build 19041 (10.0.19041.1023)

CPU:total 4 (initial active 4) (2 cores per cpu, 2 threads per core) family 6 model 142 stepping 9, cmov, cx8, fxsr, mmx, sse, sse2, sse3, ssse3, sse4.1, sse4.2, popcnt, avx, avx2, aes, clmul, erms, 3dnowpref, lzcnt, ht, tsc, tscinvbit, bmi1, bmi2, adx

Memory: 4k page, physical 8253672k(298920k free), swap 20869616k(5856k free)

vm_info: OpenJDK 64-Bit Server VM (25.242-b01) for windows-amd64 JRE (1.8.0_242-release-1644-b01), built by "builder" with MS VC++ 10.0 (VS2010)

time: Tue Aug 10 21:09:44 2021
timezone: SE Asia Standard Time
elapsed time: 14 seconds (0d 0h 0m 14s)

