#
# There is insufficient memory for the Java Runtime Environment to continue.
# Native memory allocation (malloc) failed to allocate 1352640 bytes for Chunk::new
# Possible reasons:
#   The system is out of physical RAM or swap space
#   The process is running with CompressedOops enabled, and the Java Heap may be blocking the growth of the native heap
# Possible solutions:
#   Reduce memory load on the system
#   Increase physical memory or swap space
#   Check if swap backing store is full
#   Decrease Java heap size (-Xmx/-Xms)
#   Decrease number of Java threads
#   Decrease Java thread stack sizes (-Xss)
#   Set larger code cache with -XX:ReservedCodeCacheSize=
#   JVM is running with Unscaled Compressed Oops mode in which the Java heap is
#     placed in the first 4GB address space. The Java Heap base address is the
#     maximum limit for the native heap growth. Please use -XX:HeapBaseMinAddress
#     to set the Java Heap base and to place the Java Heap above 4GB virtual address.
# This output file may be truncated or incomplete.
#
#  Out of Memory Error (allocation.cpp:389), pid=19352, tid=0x0000000000005090
#
# JRE version: OpenJDK Runtime Environment (8.0_242-b01) (build 1.8.0_242-release-1644-b01)
# Java VM: OpenJDK 64-Bit Server VM (25.242-b01 mixed mode windows-amd64 compressed oops)
# Failed to write core dump. Minidumps are not enabled by default on client versions of Windows
#

---------------  T H R E A D  ---------------

Current thread (0x00000000177d6800):  JavaThread "C2 CompilerThread0" daemon [_thread_in_native, id=20624, stack(0x0000000018e40000,0x0000000018f40000)]

Stack: [0x0000000018e40000,0x0000000018f40000]
[error occurred during error reporting (printing stack bounds), id 0xc0000005]

Native frames: (J=compiled Java code, j=interpreted, Vv=VM code, C=native code)


Current CompileTask:
C2:  14305 5064       4       sun.reflect.generics.parser.SignatureParser::parsePackageNameAndSimpleClassTypeSignature (139 bytes)


---------------  P R O C E S S  ---------------

Java Threads: ( => current thread )
  0x000000001eccb000 JavaThread "Cache worker for Build Output Cleanup Cache (C:\Users\ACER\AndroidStudioProjects\ASM_ANDROID_NETWORK\.gradle\buildOutputCleanup)" [_thread_blocked, id=9816, stack(0x0000000028410000,0x0000000028510000)]
  0x000000001ecce800 JavaThread "jar transforms Thread 92" [_thread_blocked, id=21844, stack(0x0000000028110000,0x0000000028210000)]
  0x000000001ecc8000 JavaThread "jar transforms Thread 91" [_thread_blocked, id=4360, stack(0x0000000028010000,0x0000000028110000)]
  0x000000001eccd000 JavaThread "jar transforms Thread 90" [_thread_blocked, id=17936, stack(0x0000000027f10000,0x0000000028010000)]
  0x000000001ecc9800 JavaThread "jar transforms Thread 89" [_thread_blocked, id=20604, stack(0x0000000027e10000,0x0000000027f10000)]
  0x000000001ecc0800 JavaThread "jar transforms Thread 88" [_thread_blocked, id=21572, stack(0x0000000027d10000,0x0000000027e10000)]
  0x000000001ecc7000 JavaThread "jar transforms Thread 87" [_thread_blocked, id=21664, stack(0x0000000027c10000,0x0000000027d10000)]
  0x000000001ecc6800 JavaThread "jar transforms Thread 86" [_thread_blocked, id=17984, stack(0x0000000027b10000,0x0000000027c10000)]
  0x000000001ecc1000 JavaThread "jar transforms Thread 85" [_thread_blocked, id=11772, stack(0x0000000027a10000,0x0000000027b10000)]
  0x000000001ecc5000 JavaThread "jar transforms Thread 84" [_thread_blocked, id=392, stack(0x0000000027910000,0x0000000027a10000)]
  0x000000001ecc5800 JavaThread "jar transforms Thread 83" [_thread_blocked, id=18228, stack(0x0000000027810000,0x0000000027910000)]
  0x000000001ecc4000 JavaThread "jar transforms Thread 82" [_thread_blocked, id=7432, stack(0x0000000027710000,0x0000000027810000)]
  0x000000001ecc3800 JavaThread "jar transforms Thread 81" [_thread_blocked, id=21648, stack(0x0000000027610000,0x0000000027710000)]
  0x000000001ecbf800 JavaThread "jar transforms Thread 80" [_thread_blocked, id=1152, stack(0x0000000027510000,0x0000000027610000)]
  0x000000001ecc2800 JavaThread "jar transforms Thread 79" [_thread_blocked, id=14948, stack(0x0000000027410000,0x0000000027510000)]
  0x000000001ecc2000 JavaThread "jar transforms Thread 78" [_thread_blocked, id=18944, stack(0x0000000027310000,0x0000000027410000)]
  0x000000001b562800 JavaThread "jar transforms Thread 77" [_thread_blocked, id=8860, stack(0x0000000027210000,0x0000000027310000)]
  0x000000001b561000 JavaThread "jar transforms Thread 76" [_thread_blocked, id=14592, stack(0x0000000027110000,0x0000000027210000)]
  0x000000001b560800 JavaThread "jar transforms Thread 75" [_thread_blocked, id=20416, stack(0x0000000027010000,0x0000000027110000)]
  0x000000001b55f000 JavaThread "jar transforms Thread 74" [_thread_blocked, id=11680, stack(0x0000000026f10000,0x0000000027010000)]
  0x000000001b562000 JavaThread "jar transforms Thread 73" [_thread_blocked, id=13636, stack(0x0000000026e10000,0x0000000026f10000)]
  0x000000001b55e000 JavaThread "jar transforms Thread 72" [_thread_blocked, id=12272, stack(0x0000000026d10000,0x0000000026e10000)]
  0x000000001b563800 JavaThread "jar transforms Thread 71" [_thread_blocked, id=13916, stack(0x0000000026c10000,0x0000000026d10000)]
  0x000000001b55f800 JavaThread "jar transforms Thread 70" [_thread_blocked, id=20680, stack(0x0000000026b10000,0x0000000026c10000)]
  0x000000001b556800 JavaThread "jar transforms Thread 69" [_thread_blocked, id=21808, stack(0x0000000026a10000,0x0000000026b10000)]
  0x000000001b55d800 JavaThread "jar transforms Thread 68" [_thread_blocked, id=12992, stack(0x0000000026910000,0x0000000026a10000)]
  0x000000001b556000 JavaThread "jar transforms Thread 67" [_thread_blocked, id=10396, stack(0x0000000026810000,0x0000000026910000)]
  0x000000001b55c800 JavaThread "jar transforms Thread 66" [_thread_blocked, id=20688, stack(0x0000000026710000,0x0000000026810000)]
  0x000000001b555000 JavaThread "jar transforms Thread 65" [_thread_blocked, id=5724, stack(0x0000000026610000,0x0000000026710000)]
  0x000000001b55c000 JavaThread "jar transforms Thread 64" [_thread_blocked, id=8152, stack(0x0000000026510000,0x0000000026610000)]
  0x000000001b559000 JavaThread "jar transforms Thread 63" [_thread_blocked, id=18848, stack(0x0000000026410000,0x0000000026510000)]
  0x000000001b558000 JavaThread "jar transforms Thread 62" [_thread_blocked, id=21576, stack(0x0000000026310000,0x0000000026410000)]
  0x000000001b55a800 JavaThread "jar transforms Thread 61" [_thread_blocked, id=20920, stack(0x0000000026210000,0x0000000026310000)]
  0x000000001b559800 JavaThread "jar transforms Thread 60" [_thread_blocked, id=14268, stack(0x0000000026110000,0x0000000026210000)]
  0x000000001b557800 JavaThread "jar transforms Thread 59" [_thread_blocked, id=22180, stack(0x0000000026010000,0x0000000026110000)]
  0x000000001b55b000 JavaThread "jar transforms Thread 58" [_thread_blocked, id=19228, stack(0x0000000025f10000,0x0000000026010000)]
  0x000000001b554800 JavaThread "jar transforms Thread 57" [_thread_blocked, id=10024, stack(0x0000000025e10000,0x0000000025f10000)]
  0x000000002034f800 JavaThread "jar transforms Thread 56" [_thread_blocked, id=19688, stack(0x0000000025d10000,0x0000000025e10000)]
  0x0000000020356000 JavaThread "jar transforms Thread 55" [_thread_blocked, id=20708, stack(0x0000000025c10000,0x0000000025d10000)]
  0x0000000020351800 JavaThread "jar transforms Thread 54" [_thread_blocked, id=18020, stack(0x0000000025b10000,0x0000000025c10000)]
  0x0000000020351000 JavaThread "jar transforms Thread 53" [_thread_blocked, id=20556, stack(0x0000000025a10000,0x0000000025b10000)]
  0x0000000020350000 JavaThread "jar transforms Thread 52" [_thread_blocked, id=20116, stack(0x0000000025910000,0x0000000025a10000)]
  0x000000002034e800 JavaThread "jar transforms Thread 51" [_thread_blocked, id=6496, stack(0x0000000025810000,0x0000000025910000)]
  0x0000000020355800 JavaThread "jar transforms Thread 50" [_thread_blocked, id=8084, stack(0x0000000025710000,0x0000000025810000)]
  0x0000000020354800 JavaThread "jar transforms Thread 49" [_thread_blocked, id=16396, stack(0x0000000025610000,0x0000000025710000)]
  0x0000000020354000 JavaThread "jar transforms Thread 48" [_thread_blocked, id=20508, stack(0x0000000025510000,0x0000000025610000)]
  0x0000000020352800 JavaThread "jar transforms Thread 47" [_thread_blocked, id=18292, stack(0x0000000025410000,0x0000000025510000)]
  0x0000000020353000 JavaThread "jar transforms Thread 46" [_thread_blocked, id=10580, stack(0x0000000025310000,0x0000000025410000)]
  0x0000000020347000 JavaThread "jar transforms Thread 45" [_thread_blocked, id=15660, stack(0x0000000025210000,0x0000000025310000)]
  0x000000002034e000 JavaThread "jar transforms Thread 44" [_thread_blocked, id=14308, stack(0x0000000025110000,0x0000000025210000)]
  0x000000002034c000 JavaThread "jar transforms Thread 43" [_thread_blocked, id=6772, stack(0x0000000025010000,0x0000000025110000)]
  0x0000000020348800 JavaThread "jar transforms Thread 42" [_thread_blocked, id=16060, stack(0x0000000024f10000,0x0000000025010000)]
  0x000000002034a800 JavaThread "jar transforms Thread 41" [_thread_blocked, id=22524, stack(0x0000000024e10000,0x0000000024f10000)]
  0x000000002034a000 JavaThread "jar transforms Thread 40" [_thread_blocked, id=12340, stack(0x0000000024d10000,0x0000000024e10000)]
  0x0000000020349000 JavaThread "jar transforms Thread 39" [_thread_blocked, id=18248, stack(0x0000000024c10000,0x0000000024d10000)]
  0x0000000020347800 JavaThread "jar transforms Thread 38" [_thread_blocked, id=7784, stack(0x0000000024b10000,0x0000000024c10000)]
  0x000000002034d000 JavaThread "jar transforms Thread 37" [_thread_blocked, id=8900, stack(0x0000000024a10000,0x0000000024b10000)]
  0x000000002034b800 JavaThread "jar transforms Thread 36" [_thread_blocked, id=21804, stack(0x0000000024910000,0x0000000024a10000)]
  0x000000001f2e4000 JavaThread "jar transforms Thread 35" [_thread_blocked, id=21488, stack(0x0000000024810000,0x0000000024910000)]
  0x000000001f2e3800 JavaThread "jar transforms Thread 34" [_thread_blocked, id=21196, stack(0x0000000024710000,0x0000000024810000)]
  0x000000001f2e1000 JavaThread "jar transforms Thread 33" [_thread_blocked, id=17720, stack(0x0000000024610000,0x0000000024710000)]
  0x000000001f2e2000 JavaThread "jar transforms Thread 32" [_thread_blocked, id=22312, stack(0x0000000024510000,0x0000000024610000)]
  0x000000001f2df800 JavaThread "jar transforms Thread 31" [_thread_blocked, id=11192, stack(0x0000000024410000,0x0000000024510000)]
  0x000000001f2e2800 JavaThread "jar transforms Thread 30" [_thread_blocked, id=4408, stack(0x0000000024310000,0x0000000024410000)]
  0x000000001f2e0800 JavaThread "jar transforms Thread 29" [_thread_blocked, id=248, stack(0x0000000024210000,0x0000000024310000)]
  0x000000001f2e5000 JavaThread "jar transforms Thread 28" [_thread_blocked, id=16440, stack(0x0000000024110000,0x0000000024210000)]
  0x000000001f2d8000 JavaThread "jar transforms Thread 27" [_thread_blocked, id=20808, stack(0x0000000024010000,0x0000000024110000)]
  0x000000001f2df000 JavaThread "jar transforms Thread 26" [_thread_blocked, id=9116, stack(0x0000000023f10000,0x0000000024010000)]
  0x000000001f2dc000 JavaThread "jar transforms Thread 25" [_thread_blocked, id=11784, stack(0x0000000023e10000,0x0000000023f10000)]
  0x000000001f2de000 JavaThread "jar transforms Thread 24" [_thread_blocked, id=5440, stack(0x0000000023d10000,0x0000000023e10000)]
  0x000000001f2db000 JavaThread "jar transforms Thread 23" [_thread_blocked, id=14244, stack(0x0000000023c10000,0x0000000023d10000)]
  0x000000001f2dd800 JavaThread "jar transforms Thread 22" [_thread_blocked, id=8728, stack(0x0000000023b10000,0x0000000023c10000)]
  0x000000001f2da800 JavaThread "jar transforms Thread 21" [_thread_blocked, id=12652, stack(0x0000000023a10000,0x0000000023b10000)]
  0x000000001f2dc800 JavaThread "jar transforms Thread 20" [_thread_blocked, id=18364, stack(0x0000000023910000,0x0000000023a10000)]
  0x000000001f2d6000 JavaThread "jar transforms Thread 19" [_thread_blocked, id=16172, stack(0x0000000023810000,0x0000000023910000)]
  0x000000001f2d9000 JavaThread "jar transforms Thread 18" [_thread_blocked, id=2980, stack(0x0000000023710000,0x0000000023810000)]
  0x000000001f2d9800 JavaThread "jar transforms Thread 17" [_thread_blocked, id=11684, stack(0x0000000023610000,0x0000000023710000)]
  0x000000001f2d7800 JavaThread "jar transforms Thread 16" [_thread_blocked, id=20304, stack(0x0000000023510000,0x0000000023610000)]
  0x000000001f2d6800 JavaThread "jar transforms Thread 15" [_thread_blocked, id=19116, stack(0x0000000023410000,0x0000000023510000)]
  0x000000001be4d800 JavaThread "jar transforms Thread 14" [_thread_blocked, id=22160, stack(0x0000000023310000,0x0000000023410000)]
  0x000000001be54000 JavaThread "jar transforms Thread 13" [_thread_blocked, id=16572, stack(0x0000000023210000,0x0000000023310000)]
  0x000000001be52800 JavaThread "jar transforms Thread 12" [_thread_blocked, id=15972, stack(0x0000000023110000,0x0000000023210000)]
  0x000000001be4e000 JavaThread "jar transforms Thread 11" [_thread_blocked, id=18636, stack(0x0000000023010000,0x0000000023110000)]
  0x000000001be51000 JavaThread "jar transforms Thread 10" [_thread_blocked, id=16836, stack(0x0000000022f10000,0x0000000023010000)]
  0x000000001be53800 JavaThread "jar transforms Thread 9" [_thread_blocked, id=16684, stack(0x0000000022e10000,0x0000000022f10000)]
  0x000000001be4f000 JavaThread "jar transforms Thread 8" [_thread_blocked, id=17424, stack(0x0000000022d10000,0x0000000022e10000)]
  0x000000001be50800 JavaThread "jar transforms Thread 7" [_thread_blocked, id=1888, stack(0x0000000022c10000,0x0000000022d10000)]
  0x000000001be52000 JavaThread "jar transforms Thread 6" [_thread_blocked, id=17008, stack(0x0000000022b10000,0x0000000022c10000)]
  0x000000001be4f800 JavaThread "jar transforms Thread 5" [_thread_blocked, id=2860, stack(0x0000000022a10000,0x0000000022b10000)]
  0x000000001be46000 JavaThread "jar transforms Thread 4" [_thread_blocked, id=2380, stack(0x0000000022910000,0x0000000022a10000)]
  0x000000001be4c800 JavaThread "jar transforms Thread 3" [_thread_blocked, id=4188, stack(0x0000000022810000,0x0000000022910000)]
  0x000000001be49000 JavaThread "jar transforms Thread 2" [_thread_blocked, id=5384, stack(0x0000000022710000,0x0000000022810000)]
  0x000000001be4b000 JavaThread "Build operations Thread 4" [_thread_blocked, id=15868, stack(0x0000000022610000,0x0000000022710000)]
  0x000000001be48000 JavaThread "Build operations Thread 3" [_thread_blocked, id=7604, stack(0x0000000022510000,0x0000000022610000)]
  0x000000001be47800 JavaThread "Build operations Thread 2" [_thread_blocked, id=19176, stack(0x0000000022410000,0x0000000022510000)]
  0x000000001be45000 JavaThread "Build operations" [_thread_blocked, id=17604, stack(0x0000000022310000,0x0000000022410000)]
  0x000000001b2af000 JavaThread "Cache worker for file content cache (C:\Users\ACER\.gradle\caches\6.5\fileContent)" [_thread_blocked, id=2364, stack(0x0000000021c10000,0x0000000021d10000)]
  0x000000001b2ad800 JavaThread "jar transforms" [_thread_blocked, id=15012, stack(0x0000000021b10000,0x0000000021c10000)]
  0x000000001b2b4000 JavaThread "Cache worker for execution history cache (C:\Users\ACER\.gradle\caches\6.5\executionHistory)" [_thread_blocked, id=17868, stack(0x0000000021410000,0x0000000021510000)]
  0x000000001b2b0800 JavaThread "Cache worker for cache directory md-rule (C:\Users\ACER\.gradle\caches\6.5\md-rule)" [_thread_blocked, id=11100, stack(0x0000000020090000,0x0000000020190000)]
  0x000000001b2b3000 JavaThread "Cache worker for cache directory md-supplier (C:\Users\ACER\.gradle\caches\6.5\md-supplier)" [_thread_blocked, id=15692, stack(0x000000001ff90000,0x0000000020090000)]
  0x000000001b2ae800 JavaThread "Cache worker for checksums cache (C:\Users\ACER\AndroidStudioProjects\ASM_ANDROID_NETWORK\.gradle\checksums)" [_thread_blocked, id=1744, stack(0x000000001da80000,0x000000001db80000)]
  0x000000001b2b2800 JavaThread "Cache worker for file hash cache (C:\Users\ACER\AndroidStudioProjects\ASM_ANDROID_NETWORK\.gradle\6.5\fileHashes)" [_thread_blocked, id=18224, stack(0x000000001d860000,0x000000001d960000)]
  0x000000001b2ad000 JavaThread "Cache worker for file hash cache (C:\Users\ACER\.gradle\caches\6.5\fileHashes)" [_thread_blocked, id=18040, stack(0x000000001d980000,0x000000001da80000)]
  0x000000001b2b1800 JavaThread "File lock request listener" [_thread_in_native, id=11340, stack(0x000000001d760000,0x000000001d860000)]
  0x000000001b195000 JavaThread "Cache worker for journal cache (C:\Users\ACER\.gradle\caches\journal-1)" [_thread_blocked, id=19616, stack(0x000000001d560000,0x000000001d660000)]
  0x000000001a206800 JavaThread "Thread-9" [_thread_blocked, id=13252, stack(0x000000001d260000,0x000000001d360000)]
  0x0000000019991800 JavaThread "Stdin handler" [_thread_blocked, id=16660, stack(0x000000001d160000,0x000000001d260000)]
  0x0000000019991000 JavaThread "Asynchronous log dispatcher for DefaultDaemonConnection: socket connection from /127.0.0.1:55920 to /127.0.0.1:55921" [_thread_blocked, id=15796, stack(0x000000001d060000,0x000000001d160000)]
  0x000000001998d800 JavaThread "Daemon worker" [_thread_in_vm, id=19112, stack(0x000000001cf60000,0x000000001d060000)]
  0x000000001a20d000 JavaThread "Cancel handler" [_thread_blocked, id=14332, stack(0x000000001ce60000,0x000000001cf60000)]
  0x000000001b144000 JavaThread "Handler for socket connection from /127.0.0.1:55920 to /127.0.0.1:55921" [_thread_in_native, id=13416, stack(0x000000001cd60000,0x000000001ce60000)]
  0x000000001b0e9000 JavaThread "Daemon" [_thread_blocked, id=5612, stack(0x000000001cc60000,0x000000001cd60000)]
  0x000000001b0e7000 JavaThread "Daemon periodic checks" [_thread_blocked, id=21080, stack(0x000000001c960000,0x000000001ca60000)]
  0x000000001b0e4800 JavaThread "Incoming local TCP Connector on port 55920" [_thread_in_native, id=21960, stack(0x000000001c720000,0x000000001c820000)]
  0x000000001b07a000 JavaThread "Daemon health stats" [_thread_blocked, id=5480, stack(0x000000001c0e0000,0x000000001c1e0000)]
  0x00000000191ad000 JavaThread "Service Thread" daemon [_thread_blocked, id=21736, stack(0x0000000019540000,0x0000000019640000)]
  0x0000000017828000 JavaThread "C1 CompilerThread2" daemon [_thread_blocked, id=15444, stack(0x0000000019040000,0x0000000019140000)]
  0x00000000177db000 JavaThread "C2 CompilerThread1" daemon [_thread_in_native, id=15628, stack(0x0000000018f40000,0x0000000019040000)]
=>0x00000000177d6800 JavaThread "C2 CompilerThread0" daemon [_thread_in_native, id=20624, stack(0x0000000018e40000,0x0000000018f40000)]
  0x0000000017823000 JavaThread "Attach Listener" daemon [_thread_blocked, id=5624, stack(0x0000000018d40000,0x0000000018e40000)]
  0x0000000017822800 JavaThread "Signal Dispatcher" daemon [_thread_blocked, id=20744, stack(0x0000000018c40000,0x0000000018d40000)]
  0x0000000002ba9800 JavaThread "Finalizer" daemon [_thread_blocked, id=10160, stack(0x0000000018a40000,0x0000000018b40000)]
  0x0000000002ba3000 JavaThread "Reference Handler" daemon [_thread_blocked, id=21956, stack(0x0000000018940000,0x0000000018a40000)]
  0x0000000002aae800 JavaThread "main" [_thread_blocked, id=12616, stack(0x00000000029a0000,0x0000000002aa0000)]

Other Threads:
  0x0000000017796000 VMThread [stack: 0x0000000018840000,0x0000000018940000] [id=18492]
  0x00000000191ad800 WatcherThread [stack: 0x0000000019640000,0x0000000019740000] [id=10236]

VM state:not at safepoint (normal execution)

VM Mutex/Monitor currently owned by a thread: None

heap address: 0x0000000080000000, size: 2048 MB, Compressed Oops mode: 32-bit
Narrow klass base: 0x0000000000000000, Narrow klass shift: 3
Compressed class space size: 1073741824 Address: 0x0000000100000000

Heap:
 PSYoungGen      total 183808K, used 22399K [0x00000000d5580000, 0x00000000e4f00000, 0x0000000100000000)
  eden space 170496K, 5% used [0x00000000d5580000,0x00000000d5e655c0,0x00000000dfc00000)
  from space 13312K, 99% used [0x00000000dfc00000,0x00000000e08fa820,0x00000000e0900000)
  to   space 19968K, 0% used [0x00000000e3b80000,0x00000000e3b80000,0x00000000e4f00000)
 ParOldGen       total 75264K, used 30469K [0x0000000080000000, 0x0000000084980000, 0x00000000d5580000)
  object space 75264K, 40% used [0x0000000080000000,0x0000000081dc16e0,0x0000000084980000)
 Metaspace       used 56094K, capacity 58432K, committed 58664K, reserved 1099776K
  class space    used 7659K, capacity 8159K, committed 8240K, reserved 1048576K

Card table byte_map: [0x0000000011f70000,0x0000000012380000] byte_map_base: 0x0000000011b70000

Marking Bits: (ParMarkBitMap*) 0x000000005276f030
 Begin Bits: [0x0000000012a30000, 0x0000000014a30000)
 End Bits:   [0x0000000014a30000, 0x0000000016a30000)

Polling page: 0x0000000001110000

CodeCache: size=245760Kb used=16038Kb max_used=16077Kb free=229721Kb
 bounds [0x0000000002bb0000, 0x0000000003b80000, 0x0000000011bb0000]
 total_blobs=5458 nmethods=4689 adapters=681
 compilation: enabled

Compilation events (10 events):
Event: 14.296 Thread 0x0000000017828000 5145       3       com.google.common.collect.AbstractMapBasedMultimap$WrappedCollection$WrappedIterator::next (14 bytes)
Event: 14.297 Thread 0x0000000017828000 nmethod 5145 0x0000000002d4ee50 code [0x0000000002d4efe0, 0x0000000002d4f428]
Event: 14.297 Thread 0x0000000017828000 5146       3       org.gradle.internal.instantiation.generator.AsmBackedClassGenerator$ClassBuilderImpl::addSetMethod (146 bytes)
Event: 14.298 Thread 0x0000000017828000 nmethod 5146 0x0000000003368390 code [0x0000000003368620, 0x0000000003369908]
Event: 14.301 Thread 0x0000000017828000 5147       3       org.gradle.api.internal.file.AbstractFileCollection::<init> (10 bytes)
Event: 14.301 Thread 0x0000000017828000 nmethod 5147 0x0000000003557410 code [0x0000000003557560, 0x0000000003557730]
Event: 14.301 Thread 0x0000000017828000 5148       3       org.gradle.api.internal.provider.Collectors$TypedCollector::isProvidedBy (32 bytes)
Event: 14.301 Thread 0x0000000017828000 nmethod 5148 0x0000000002d6af10 code [0x0000000002d6b0a0, 0x0000000002d6b568]
Event: 14.301 Thread 0x0000000017828000 5149       3       org.gradle.api.internal.provider.Collectors$ElementFromProvider::isProvidedBy (9 bytes)
Event: 14.302 Thread 0x0000000017828000 nmethod 5149 0x0000000002f22150 code [0x0000000002f222c0, 0x0000000002f22608]

GC Heap History (10 events):
Event: 6.255 GC heap before
{Heap before GC invocations=9 (full 1):
 PSYoungGen      total 75264K, used 64512K [0x00000000d5580000, 0x00000000de880000, 0x0000000100000000)
  eden space 64512K, 100% used [0x00000000d5580000,0x00000000d9480000,0x00000000d9480000)
  from space 10752K, 0% used [0x00000000d9480000,0x00000000d9480000,0x00000000d9f00000)
  to   space 10752K, 0% used [0x00000000dde00000,0x00000000dde00000,0x00000000de880000)
 ParOldGen       total 48640K, used 6884K [0x0000000080000000, 0x0000000082f80000, 0x00000000d5580000)
  object space 48640K, 14% used [0x0000000080000000,0x00000000806b90b8,0x0000000082f80000)
 Metaspace       used 28499K, capacity 29374K, committed 29616K, reserved 1075200K
  class space    used 3938K, capacity 4187K, committed 4272K, reserved 1048576K
Event: 6.264 GC heap after
Heap after GC invocations=9 (full 1):
 PSYoungGen      total 125952K, used 8075K [0x00000000d5580000, 0x00000000de600000, 0x0000000100000000)
  eden space 117760K, 0% used [0x00000000d5580000,0x00000000d5580000,0x00000000dc880000)
  from space 8192K, 98% used [0x00000000dde00000,0x00000000de5e2d68,0x00000000de600000)
  to   space 11264K, 0% used [0x00000000dd000000,0x00000000dd000000,0x00000000ddb00000)
 ParOldGen       total 48640K, used 6892K [0x0000000080000000, 0x0000000082f80000, 0x00000000d5580000)
  object space 48640K, 14% used [0x0000000080000000,0x00000000806bb0b8,0x0000000082f80000)
 Metaspace       used 28499K, capacity 29374K, committed 29616K, reserved 1075200K
  class space    used 3938K, capacity 4187K, committed 4272K, reserved 1048576K
}
Event: 8.192 GC heap before
{Heap before GC invocations=10 (full 1):
 PSYoungGen      total 125952K, used 105365K [0x00000000d5580000, 0x00000000de600000, 0x0000000100000000)
  eden space 117760K, 82% used [0x00000000d5580000,0x00000000db4829f0,0x00000000dc880000)
  from space 8192K, 98% used [0x00000000dde00000,0x00000000de5e2d68,0x00000000de600000)
  to   space 11264K, 0% used [0x00000000dd000000,0x00000000dd000000,0x00000000ddb00000)
 ParOldGen       total 48640K, used 6892K [0x0000000080000000, 0x0000000082f80000, 0x00000000d5580000)
  object space 48640K, 14% used [0x0000000080000000,0x00000000806bb0b8,0x0000000082f80000)
 Metaspace       used 34348K, capacity 35414K, committed 35496K, reserved 1079296K
  class space    used 4715K, capacity 5002K, committed 5040K, reserved 1048576K
Event: 8.214 GC heap after
Heap after GC invocations=10 (full 1):
 PSYoungGen      total 136704K, used 11234K [0x00000000d5580000, 0x00000000e1880000, 0x0000000100000000)
  eden space 125440K, 0% used [0x00000000d5580000,0x00000000d5580000,0x00000000dd000000)
  from space 11264K, 99% used [0x00000000dd000000,0x00000000ddaf8a78,0x00000000ddb00000)
  to   space 12800K, 0% used [0x00000000e0c00000,0x00000000e0c00000,0x00000000e1880000)
 ParOldGen       total 48640K, used 7026K [0x0000000080000000, 0x0000000082f80000, 0x00000000d5580000)
  object space 48640K, 14% used [0x0000000080000000,0x00000000806dcab8,0x0000000082f80000)
 Metaspace       used 34348K, capacity 35414K, committed 35496K, reserved 1079296K
  class space    used 4715K, capacity 5002K, committed 5040K, reserved 1048576K
}
Event: 8.214 GC heap before
{Heap before GC invocations=11 (full 2):
 PSYoungGen      total 136704K, used 11234K [0x00000000d5580000, 0x00000000e1880000, 0x0000000100000000)
  eden space 125440K, 0% used [0x00000000d5580000,0x00000000d5580000,0x00000000dd000000)
  from space 11264K, 99% used [0x00000000dd000000,0x00000000ddaf8a78,0x00000000ddb00000)
  to   space 12800K, 0% used [0x00000000e0c00000,0x00000000e0c00000,0x00000000e1880000)
 ParOldGen       total 48640K, used 7026K [0x0000000080000000, 0x0000000082f80000, 0x00000000d5580000)
  object space 48640K, 14% used [0x0000000080000000,0x00000000806dcab8,0x0000000082f80000)
 Metaspace       used 34348K, capacity 35414K, committed 35496K, reserved 1079296K
  class space    used 4715K, capacity 5002K, committed 5040K, reserved 1048576K
Event: 8.366 GC heap after
Heap after GC invocations=11 (full 2):
 PSYoungGen      total 136704K, used 0K [0x00000000d5580000, 0x00000000e1880000, 0x0000000100000000)
  eden space 125440K, 0% used [0x00000000d5580000,0x00000000d5580000,0x00000000dd000000)
  from space 11264K, 0% used [0x00000000dd000000,0x00000000dd000000,0x00000000ddb00000)
  to   space 12800K, 0% used [0x00000000e0c00000,0x00000000e0c00000,0x00000000e1880000)
 ParOldGen       total 75264K, used 17594K [0x0000000080000000, 0x0000000084980000, 0x00000000d5580000)
  object space 75264K, 23% used [0x0000000080000000,0x000000008112ea50,0x0000000084980000)
 Metaspace       used 34348K, capacity 35414K, committed 35496K, reserved 1079296K
  class space    used 4715K, capacity 5002K, committed 5040K, reserved 1048576K
}
Event: 10.276 GC heap before
{Heap before GC invocations=12 (full 2):
 PSYoungGen      total 136704K, used 125440K [0x00000000d5580000, 0x00000000e1880000, 0x0000000100000000)
  eden space 125440K, 100% used [0x00000000d5580000,0x00000000dd000000,0x00000000dd000000)
  from space 11264K, 0% used [0x00000000dd000000,0x00000000dd000000,0x00000000ddb00000)
  to   space 12800K, 0% used [0x00000000e0c00000,0x00000000e0c00000,0x00000000e1880000)
 ParOldGen       total 75264K, used 17594K [0x0000000080000000, 0x0000000084980000, 0x00000000d5580000)
  object space 75264K, 23% used [0x0000000080000000,0x000000008112ea50,0x0000000084980000)
 Metaspace       used 40068K, capacity 41848K, committed 42024K, reserved 1085440K
  class space    used 5517K, capacity 5902K, committed 5936K, reserved 1048576K
Event: 10.291 GC heap after
Heap after GC invocations=12 (full 2):
 PSYoungGen      total 176128K, used 10012K [0x00000000d5580000, 0x00000000e1600000, 0x0000000100000000)
  eden space 165888K, 0% used [0x00000000d5580000,0x00000000d5580000,0x00000000df780000)
  from space 10240K, 97% used [0x00000000e0c00000,0x00000000e15c72e8,0x00000000e1600000)
  to   space 13312K, 0% used [0x00000000dfc00000,0x00000000dfc00000,0x00000000e0900000)
 ParOldGen       total 75264K, used 17602K [0x0000000080000000, 0x0000000084980000, 0x00000000d5580000)
  object space 75264K, 23% used [0x0000000080000000,0x0000000081130a50,0x0000000084980000)
 Metaspace       used 40068K, capacity 41848K, committed 42024K, reserved 1085440K
  class space    used 5517K, capacity 5902K, committed 5936K, reserved 1048576K
}
Event: 14.124 GC heap before
{Heap before GC invocations=13 (full 2):
 PSYoungGen      total 176128K, used 175900K [0x00000000d5580000, 0x00000000e1600000, 0x0000000100000000)
  eden space 165888K, 100% used [0x00000000d5580000,0x00000000df780000,0x00000000df780000)
  from space 10240K, 97% used [0x00000000e0c00000,0x00000000e15c72e8,0x00000000e1600000)
  to   space 13312K, 0% used [0x00000000dfc00000,0x00000000dfc00000,0x00000000e0900000)
 ParOldGen       total 75264K, used 17602K [0x0000000080000000, 0x0000000084980000, 0x00000000d5580000)
  object space 75264K, 23% used [0x0000000080000000,0x0000000081130a50,0x0000000084980000)
 Metaspace       used 55537K, capacity 57722K, committed 58024K, reserved 1099776K
  class space    used 7558K, capacity 8042K, committed 8112K, reserved 1048576K
Event: 14.177 GC heap after
Heap after GC invocations=13 (full 2):
 PSYoungGen      total 183808K, used 13290K [0x00000000d5580000, 0x00000000e4f00000, 0x0000000100000000)
  eden space 170496K, 0% used [0x00000000d5580000,0x00000000d5580000,0x00000000dfc00000)
  from space 13312K, 99% used [0x00000000dfc00000,0x00000000e08fa820,0x00000000e0900000)
  to   space 19968K, 0% used [0x00000000e3b80000,0x00000000e3b80000,0x00000000e4f00000)
 ParOldGen       total 75264K, used 30469K [0x0000000080000000, 0x0000000084980000, 0x00000000d5580000)
  object space 75264K, 40% used [0x0000000080000000,0x0000000081dc16e0,0x0000000084980000)
 Metaspace       used 55537K, capacity 57722K, committed 58024K, reserved 1099776K
  class space    used 7558K, capacity 8042K, committed 8112K, reserved 1048576K
}

Deoptimization events (10 events):
Event: 12.194 Thread 0x000000001998d800 Uncommon trap: reason=null_check action=make_not_entrant pc=0x000000000336c89c method=java.lang.Class.searchMethods([Ljava/lang/reflect/Method;Ljava/lang/String;[Ljava/lang/Class;)Ljava/lang/reflect/Method; @ 59
Event: 13.589 Thread 0x000000001998d800 Uncommon trap: reason=unstable_if action=reinterpret pc=0x0000000002e95a98 method=sun.misc.MetaIndex.mayContain(Ljava/lang/String;)Z @ 38
Event: 13.594 Thread 0x000000001998d800 Uncommon trap: reason=unstable_if action=reinterpret pc=0x0000000003613e8c method=java.security.CodeSource.hashCode()I @ 4
Event: 14.203 Thread 0x000000001998d800 Uncommon trap: reason=unstable_if action=reinterpret pc=0x0000000002ff38e0 method=org.objectweb.asm.ByteVector.putInt(I)Lorg/objectweb/asm/ByteVector; @ 13
Event: 14.224 Thread 0x000000001998d800 Uncommon trap: reason=unstable_if action=reinterpret pc=0x0000000002ef6db4 method=java.util.HashMap.resize()[Ljava/util/HashMap$Node; @ 206
Event: 14.224 Thread 0x000000001998d800 Uncommon trap: reason=unstable_if action=reinterpret pc=0x0000000002d39e40 method=java.util.HashMap.getNode(ILjava/lang/Object;)Ljava/util/HashMap$Node; @ 84
Event: 14.225 Thread 0x000000001998d800 Uncommon trap: reason=unstable_if action=reinterpret pc=0x0000000003b39170 method=java.util.HashMap.getNode(ILjava/lang/Object;)Ljava/util/HashMap$Node; @ 84
Event: 14.225 Thread 0x000000001998d800 Uncommon trap: reason=unstable_if action=reinterpret pc=0x0000000003b1df6c method=java.util.HashMap.getNode(ILjava/lang/Object;)Ljava/util/HashMap$Node; @ 84
Event: 14.250 Thread 0x000000001998d800 Uncommon trap: reason=unstable_if action=reinterpret pc=0x000000000366d1c0 method=java.io.WinNTFileSystem.normalize(Ljava/lang/String;)Ljava/lang/String; @ 74
Event: 14.250 Thread 0x000000001998d800 Uncommon trap: reason=unstable_if action=reinterpret pc=0x00000000031ec1c8 method=java.io.WinNTFileSystem.normalize(Ljava/lang/String;II)Ljava/lang/String; @ 103

Classes redefined (0 events):
No events

Internal exceptions (10 events):
Event: 12.344 Thread 0x000000001998d800 Exception <a 'java/lang/ClassNotFoundException': com/android/build/gradle/internal/CompileOptionsCustomizer> (0x00000000dc7c0370) thrown at [C:\src\AOSP-openjdk-git\hotspot\src\share\vm\classfile\systemDictionary.cpp, line 210]
Event: 12.346 Thread 0x000000001998d800 Exception <a 'java/lang/ClassNotFoundException': com/android/build/gradle/internal/CompileOptions_DecoratedCustomizer> (0x00000000dc7f1020) thrown at [C:\src\AOSP-openjdk-git\hotspot\src\share\vm\classfile\systemDictionary.cpp, line 210]
Event: 13.594 Thread 0x000000001998d800 Implicit null exception at 0x0000000003613b95 to 0x0000000003613e7d
Event: 13.964 Thread 0x000000001998d800 Exception <a 'java/lang/ClassNotFoundException': com/android/build/gradle/internal/api/ApkVariantOutputImpl_DecoratedBeanInfo> (0x00000000df274920) thrown at [C:\src\AOSP-openjdk-git\hotspot\src\share\vm\classfile\systemDictionary.cpp, line 210]
Event: 13.965 Thread 0x000000001998d800 Exception <a 'java/lang/ClassNotFoundException': com/android/build/gradle/internal/api/ApkVariantOutputImplBeanInfo> (0x00000000df291b50) thrown at [C:\src\AOSP-openjdk-git\hotspot\src\share\vm\classfile\systemDictionary.cpp, line 210]
Event: 13.970 Thread 0x000000001998d800 Exception <a 'java/lang/ClassNotFoundException': com/android/build/gradle/internal/api/BaseVariantOutputImplBeanInfo> (0x00000000df2aff88) thrown at [C:\src\AOSP-openjdk-git\hotspot\src\share\vm\classfile\systemDictionary.cpp, line 210]
Event: 13.972 Thread 0x000000001998d800 Exception <a 'java/lang/ClassNotFoundException': com/android/build/gradle/internal/api/BaseVariantOutputImplCustomizer> (0x00000000df2ce920) thrown at [C:\src\AOSP-openjdk-git\hotspot\src\share\vm\classfile\systemDictionary.cpp, line 210]
Event: 13.974 Thread 0x000000001998d800 Exception <a 'java/lang/ClassNotFoundException': com/android/build/gradle/internal/api/ApkVariantOutputImplCustomizer> (0x00000000df3070c8) thrown at [C:\src\AOSP-openjdk-git\hotspot\src\share\vm\classfile\systemDictionary.cpp, line 210]
Event: 13.978 Thread 0x000000001998d800 Exception <a 'java/lang/ClassNotFoundException': com/android/build/gradle/internal/api/ApkVariantOutputImpl_DecoratedCustomizer> (0x00000000df33ae68) thrown at [C:\src\AOSP-openjdk-git\hotspot\src\share\vm\classfile\systemDictionary.cpp, line 210]
Event: 14.291 Thread 0x000000001998d800 Exception <a 'java/lang/NoSuchMethodError': java.lang.Object.lambda$static$0(Lorg/gradle/api/internal/tasks/TaskDependencyResolveContext;)V> (0x00000000d5c3aad0) thrown at [C:\src\AOSP-openjdk-git\hotspot\src\share\vm\interpreter\linkResolver.cpp, line 62

Events (10 events):
Event: 14.302 loading class org/gradle/api/internal/provider/ValueSupplier$TaskProducer
Event: 14.302 loading class org/gradle/api/internal/provider/ValueSupplier$TaskProducer done
Event: 14.303 loading class org/gradle/api/internal/tasks/WorkDependencyResolver$1
Event: 14.303 loading class org/gradle/api/internal/tasks/WorkDependencyResolver$1 done
Event: 14.304 loading class org/gradle/api/Action
Event: 14.304 loading class org/gradle/api/Action done
Event: 14.304 loading class org/gradle/api/Task
Event: 14.304 loading class org/gradle/api/Task done
Event: 14.304 loading class org/gradle/execution/plan/TaskNodeDependencyResolver
Event: 14.304 loading class org/gradle/execution/plan/TaskNodeDependencyResolver done


Dynamic libraries:
0x00007ff6abd00000 - 0x00007ff6abd31000 	C:\Program Files\Android\Android Studio\jre\bin\java.exe
0x00007ffd4c190000 - 0x00007ffd4c385000 	C:\WINDOWS\SYSTEM32\ntdll.dll
0x00007ffd4b510000 - 0x00007ffd4b5cd000 	C:\WINDOWS\System32\KERNEL32.DLL
0x00007ffd49ea0000 - 0x00007ffd4a169000 	C:\WINDOWS\System32\KERNELBASE.dll
0x00007ffd4b730000 - 0x00007ffd4b7dc000 	C:\WINDOWS\System32\ADVAPI32.dll
0x00007ffd4a740000 - 0x00007ffd4a7de000 	C:\WINDOWS\System32\msvcrt.dll
0x00007ffd4b7e0000 - 0x00007ffd4b87b000 	C:\WINDOWS\System32\sechost.dll
0x00007ffd4b880000 - 0x00007ffd4b9aa000 	C:\WINDOWS\System32\RPCRT4.dll
0x00007ffd4a7f0000 - 0x00007ffd4a990000 	C:\WINDOWS\System32\USER32.dll
0x00007ffd49ab0000 - 0x00007ffd49ad2000 	C:\WINDOWS\System32\win32u.dll
0x00007ffd4b450000 - 0x00007ffd4b47a000 	C:\WINDOWS\System32\GDI32.dll
0x00007ffd49ae0000 - 0x00007ffd49beb000 	C:\WINDOWS\System32\gdi32full.dll
0x00007ffd49a10000 - 0x00007ffd49aad000 	C:\WINDOWS\System32\msvcp_win.dll
0x00007ffd49bf0000 - 0x00007ffd49cf0000 	C:\WINDOWS\System32\ucrtbase.dll
0x00007ffd39710000 - 0x00007ffd399aa000 	C:\WINDOWS\WinSxS\amd64_microsoft.windows.common-controls_6595b64144ccf1df_6.0.19041.1110_none_60b5254171f9507e\COMCTL32.dll
0x00007ffd4b480000 - 0x00007ffd4b4b0000 	C:\WINDOWS\System32\IMM32.DLL
0x0000000051530000 - 0x0000000051602000 	C:\Program Files\Android\Android Studio\jre\jre\bin\msvcr100.dll
0x0000000051fa0000 - 0x00000000527eb000 	C:\Program Files\Android\Android Studio\jre\jre\bin\server\jvm.dll
0x00007ffd4b6a0000 - 0x00007ffd4b6a8000 	C:\WINDOWS\System32\PSAPI.DLL
0x00007ffd36d10000 - 0x00007ffd36d37000 	C:\WINDOWS\SYSTEM32\WINMM.dll
0x00007ffd3f870000 - 0x00007ffd3f87a000 	C:\WINDOWS\SYSTEM32\VERSION.dll
0x00007ffd457b0000 - 0x00007ffd457b9000 	C:\WINDOWS\SYSTEM32\WSOCK32.dll
0x00007ffd4acb0000 - 0x00007ffd4ad1b000 	C:\WINDOWS\System32\WS2_32.dll
0x00007ffd44660000 - 0x00007ffd4466f000 	C:\Program Files\Android\Android Studio\jre\jre\bin\verify.dll
0x00007ffd44130000 - 0x00007ffd44159000 	C:\Program Files\Android\Android Studio\jre\jre\bin\java.dll
0x00007ffd44250000 - 0x00007ffd44266000 	C:\Program Files\Android\Android Studio\jre\jre\bin\zip.dll
0x00007ffd4ba10000 - 0x00007ffd4c14f000 	C:\WINDOWS\System32\SHELL32.dll
0x00007ffd47a00000 - 0x00007ffd48191000 	C:\WINDOWS\SYSTEM32\windows.storage.dll
0x00007ffd4a3e0000 - 0x00007ffd4a735000 	C:\WINDOWS\System32\combase.dll
0x00007ffd492d0000 - 0x00007ffd492fc000 	C:\WINDOWS\SYSTEM32\Wldp.dll
0x00007ffd4ac00000 - 0x00007ffd4acae000 	C:\WINDOWS\System32\SHCORE.dll
0x00007ffd4aba0000 - 0x00007ffd4abf5000 	C:\WINDOWS\System32\shlwapi.dll
0x00007ffd49810000 - 0x00007ffd4982f000 	C:\WINDOWS\SYSTEM32\profapi.dll
0x00007ffd44110000 - 0x00007ffd4412a000 	C:\Program Files\Android\Android Studio\jre\jre\bin\net.dll
0x00007ffd48fd0000 - 0x00007ffd4903a000 	C:\WINDOWS\system32\mswsock.dll
0x00007ffd440f0000 - 0x00007ffd44103000 	C:\Program Files\Android\Android Studio\jre\jre\bin\nio.dll
0x00007ffd3ac70000 - 0x00007ffd3ac97000 	C:\Users\ACER\.gradle\native\f6784746aeab05261644944871eae4fe03e0ef1612fff0a4a95f87b438bc6780\windows-amd64\native-platform.dll
0x00007ffd44650000 - 0x00007ffd4465d000 	C:\Program Files\Android\Android Studio\jre\jre\bin\management.dll
0x00007ffd49220000 - 0x00007ffd49238000 	C:\WINDOWS\SYSTEM32\CRYPTSP.dll
0x00007ffd48970000 - 0x00007ffd489a4000 	C:\WINDOWS\system32\rsaenh.dll
0x00007ffd499e0000 - 0x00007ffd49a07000 	C:\WINDOWS\System32\bcrypt.dll
0x00007ffd49790000 - 0x00007ffd497be000 	C:\WINDOWS\SYSTEM32\USERENV.dll
0x00007ffd4a170000 - 0x00007ffd4a1f3000 	C:\WINDOWS\System32\bcryptprimitives.dll
0x00007ffd49210000 - 0x00007ffd4921c000 	C:\WINDOWS\SYSTEM32\CRYPTBASE.dll
0x00007ffd48cc0000 - 0x00007ffd48cfb000 	C:\WINDOWS\SYSTEM32\IPHLPAPI.DLL
0x00007ffd4a7e0000 - 0x00007ffd4a7e8000 	C:\WINDOWS\System32\NSI.dll
0x00007ffd3fa10000 - 0x00007ffd3fa27000 	C:\WINDOWS\SYSTEM32\dhcpcsvc6.DLL
0x00007ffd3fa50000 - 0x00007ffd3fa6d000 	C:\WINDOWS\SYSTEM32\dhcpcsvc.DLL
0x00007ffd48d00000 - 0x00007ffd48dcc000 	C:\WINDOWS\SYSTEM32\DNSAPI.dll
0x00007ffd43840000 - 0x00007ffd4384b000 	C:\WINDOWS\SYSTEM32\WINNSI.DLL

VM Arguments:
jvm_args: -Xmx2048m -Dfile.encoding=UTF-8 -Duser.country=GB -Duser.language=en -Duser.variant 
java_command: org.gradle.launcher.daemon.bootstrap.GradleDaemon 6.5
java_class_path (initial): C:\Users\ACER\.gradle\wrapper\dists\gradle-6.5-bin\6nifqtx7604sqp1q6g8wikw7p\gradle-6.5\lib\gradle-launcher-6.5.jar
Launcher Type: SUN_STANDARD

Environment Variables:
JAVA_HOME=C:\Program Files\OpenJDK\openjdk-8u275-b01
PATH=C:\Program Files (x86)\Common Files\Oracle\Java\javapath;C:\WINDOWS\system32;C:\WINDOWS;C:\WINDOWS\System32\Wbem;C:\WINDOWS\System32\WindowsPowerShell\v1.0\;C:\WINDOWS\System32\OpenSSH\;C:\Program Files (x86)\Microsoft ASP.NET\ASP.NET Web Pages\v1.0\;C:\Program Files\Microsoft SQL Server\110\Tools\Binn\;C:\Program Files\Microsoft Service Fabric\bin\Fabric\Fabric.Code;C:\Program Files\Microsoft SDKs\Service Fabric\Tools\ServiceFabricLocalClusterManager;C:\ProgramData\chocolatey\bin;C:\Program Files\nodejs\;C:\Program Files\OpenJDK\openjdk-8u275-b01\bin;C:\Program Files\Git\cmd;C:\Users\ACER\AppData\Local\Android\Sdk\tools;C:\Program Files\MySQL\MySQL Shell 8.0\bin\;C:\Users\ACER\AppData\Local\Microsoft\WindowsApps;G:\Microsoft VS Code\bin;C:\Users\ACER\AppData\Local\GitHubDesktop\bin;C:\Users\ACER\AppData\Roaming\npm
USERNAME=ACER
OS=Windows_NT
PROCESSOR_IDENTIFIER=Intel64 Family 6 Model 142 Stepping 9, GenuineIntel



---------------  S Y S T E M  ---------------

OS: Windows 10.0 , 64 bit Build 19041 (10.0.19041.1023)

CPU:total 4 (initial active 4) (2 cores per cpu, 2 threads per core) family 6 model 142 stepping 9, cmov, cx8, fxsr, mmx, sse, sse2, sse3, ssse3, sse4.1, sse4.2, popcnt, avx, avx2, aes, clmul, erms, 3dnowpref, lzcnt, ht, tsc, tscinvbit, bmi1, bmi2, adx

Memory: 4k page, physical 8253672k(409748k free), swap 20869616k(5480k free)

vm_info: OpenJDK 64-Bit Server VM (25.242-b01) for windows-amd64 JRE (1.8.0_242-release-1644-b01), built by "builder" with MS VC++ 10.0 (VS2010)

time: Tue Aug 10 21:10:09 2021
timezone: SE Asia Standard Time
elapsed time: 14 seconds (0d 0h 0m 14s)

